[04-04-2017 11:56:49] PayPal\Core\PayPalHttpConnection : INFO: POST https://api.sandbox.paypal.com/v1/oauth2/token
[04-04-2017 11:56:50] PayPal\Core\PayPalHttpConnection : INFO: Invalid or no certificate authority found - Retrying using bundled CA certs file
[04-04-2017 11:56:52] PayPal\Core\PayPalHttpConnection : INFO: Response Status 	: 401
[04-04-2017 11:56:52] PayPal\Core\PayPalHttpConnection : ERROR: Got Http response code 401 when accessing https://api.sandbox.paypal.com/v1/oauth2/token. {"error":"invalid_client","error_description":"Client Authentication failed"}
[04-04-2017 12:03:41] PayPal\Core\PayPalHttpConnection : INFO: POST https://api.sandbox.paypal.com/v1/oauth2/token
[04-04-2017 12:03:42] PayPal\Core\PayPalHttpConnection : INFO: Invalid or no certificate authority found - Retrying using bundled CA certs file
[04-04-2017 12:03:43] PayPal\Core\PayPalHttpConnection : INFO: Response Status 	: 401
[04-04-2017 12:03:43] PayPal\Core\PayPalHttpConnection : ERROR: Got Http response code 401 when accessing https://api.sandbox.paypal.com/v1/oauth2/token. {"error":"invalid_client","error_description":"Client Authentication failed"}
[04-04-2017 12:05:02] PayPal\Core\PayPalHttpConnection : INFO: POST https://api.sandbox.paypal.com/v1/oauth2/token
[04-04-2017 12:05:02] PayPal\Core\PayPalHttpConnection : INFO: Invalid or no certificate authority found - Retrying using bundled CA certs file
[04-04-2017 12:05:03] PayPal\Core\PayPalHttpConnection : INFO: Response Status 	: 401
[04-04-2017 12:05:03] PayPal\Core\PayPalHttpConnection : ERROR: Got Http response code 401 when accessing https://api.sandbox.paypal.com/v1/oauth2/token. {"error":"invalid_client","error_description":"Client Authentication failed"}
[04-04-2017 12:08:07] PayPal\Core\PayPalHttpConnection : INFO: POST https://api.sandbox.paypal.com/v1/oauth2/token
[04-04-2017 12:08:08] PayPal\Core\PayPalHttpConnection : INFO: Invalid or no certificate authority found - Retrying using bundled CA certs file
[04-04-2017 12:08:09] PayPal\Core\PayPalHttpConnection : INFO: Response Status 	: 200
[04-04-2017 12:08:09] PayPal\Core\PayPalHttpConnection : INFO: POST https://api.sandbox.paypal.com/v1/payments/payment
[04-04-2017 12:08:09] PayPal\Core\PayPalHttpConnection : INFO: Invalid or no certificate authority found - Retrying using bundled CA certs file
[04-04-2017 12:08:11] PayPal\Core\PayPalHttpConnection : INFO: Response Status 	: 201
[04-04-2017 12:17:47] PayPal\Core\PayPalHttpConnection : INFO: POST https://api.sandbox.paypal.com/v1/oauth2/token
[04-04-2017 12:17:48] PayPal\Core\PayPalHttpConnection : INFO: Invalid or no certificate authority found - Retrying using bundled CA certs file
[04-04-2017 12:17:49] PayPal\Core\PayPalHttpConnection : INFO: Response Status 	: 200
[04-04-2017 12:17:49] PayPal\Core\PayPalHttpConnection : INFO: POST https://api.sandbox.paypal.com/v1/payments/payment
[04-04-2017 12:17:49] PayPal\Core\PayPalHttpConnection : INFO: Invalid or no certificate authority found - Retrying using bundled CA certs file
[04-04-2017 12:17:51] PayPal\Core\PayPalHttpConnection : INFO: Response Status 	: 201
[04-04-2017 12:17:51] PayPal\Core\PayPalHttpConnection : INFO: GET https://api.sandbox.paypal.com/v1/payments/payment/PAY-3LC28038MC3523245LDRY73Y
[04-04-2017 12:17:51] PayPal\Core\PayPalHttpConnection : INFO: Invalid or no certificate authority found - Retrying using bundled CA certs file
[04-04-2017 12:17:52] PayPal\Core\PayPalHttpConnection : INFO: Response Status 	: 200
[04-04-2017 12:30:43] PayPal\Core\PayPalHttpConnection : INFO: POST https://api.sandbox.paypal.com/v1/oauth2/token
[04-04-2017 12:30:44] PayPal\Core\PayPalHttpConnection : INFO: Invalid or no certificate authority found - Retrying using bundled CA certs file
[04-04-2017 12:30:45] PayPal\Core\PayPalHttpConnection : INFO: Response Status 	: 200
[04-04-2017 12:30:45] PayPal\Core\PayPalHttpConnection : INFO: POST https://api.sandbox.paypal.com/v1/payments/payment
[04-04-2017 12:30:45] PayPal\Core\PayPalHttpConnection : INFO: Invalid or no certificate authority found - Retrying using bundled CA certs file
[04-04-2017 12:30:47] PayPal\Core\PayPalHttpConnection : INFO: Response Status 	: 201
[04-04-2017 12:32:41] PayPal\Core\PayPalHttpConnection : INFO: POST https://api.sandbox.paypal.com/v1/oauth2/token
[04-04-2017 12:32:42] PayPal\Core\PayPalHttpConnection : INFO: Invalid or no certificate authority found - Retrying using bundled CA certs file
[04-04-2017 12:32:43] PayPal\Core\PayPalHttpConnection : INFO: Response Status 	: 200
[04-04-2017 12:32:43] PayPal\Core\PayPalHttpConnection : INFO: POST https://api.sandbox.paypal.com/v1/payments/payment
[04-04-2017 12:32:44] PayPal\Core\PayPalHttpConnection : INFO: Invalid or no certificate authority found - Retrying using bundled CA certs file
[04-04-2017 12:32:45] PayPal\Core\PayPalHttpConnection : INFO: Response Status 	: 201
[04-04-2017 12:47:20] PayPal\Core\PayPalHttpConnection : INFO: POST https://api.sandbox.paypal.com/v1/oauth2/token
[04-04-2017 12:47:21] PayPal\Core\PayPalHttpConnection : INFO: Invalid or no certificate authority found - Retrying using bundled CA certs file
[04-04-2017 12:47:23] PayPal\Core\PayPalHttpConnection : INFO: Response Status 	: 200
[04-04-2017 12:47:23] PayPal\Core\PayPalHttpConnection : INFO: POST https://api.sandbox.paypal.com/v1/payments/payment
[04-04-2017 12:47:23] PayPal\Core\PayPalHttpConnection : INFO: Invalid or no certificate authority found - Retrying using bundled CA certs file
[04-04-2017 12:47:24] PayPal\Core\PayPalHttpConnection : INFO: Response Status 	: 201
[04-04-2017 12:48:42] PayPal\Core\PayPalHttpConnection : INFO: POST https://api.sandbox.paypal.com/v1/oauth2/token
[04-04-2017 12:48:42] PayPal\Core\PayPalHttpConnection : INFO: Invalid or no certificate authority found - Retrying using bundled CA certs file
[04-04-2017 12:48:43] PayPal\Core\PayPalHttpConnection : INFO: Response Status 	: 200
[04-04-2017 12:48:43] PayPal\Core\PayPalHttpConnection : INFO: POST https://api.sandbox.paypal.com/v1/payments/payment
[04-04-2017 12:48:44] PayPal\Core\PayPalHttpConnection : INFO: Invalid or no certificate authority found - Retrying using bundled CA certs file
[04-04-2017 12:48:46] PayPal\Core\PayPalHttpConnection : INFO: Response Status 	: 201
[04-04-2017 12:49:53] PayPal\Core\PayPalHttpConnection : INFO: POST https://api.sandbox.paypal.com/v1/oauth2/token
[04-04-2017 12:49:53] PayPal\Core\PayPalHttpConnection : INFO: Invalid or no certificate authority found - Retrying using bundled CA certs file
[04-04-2017 12:49:54] PayPal\Core\PayPalHttpConnection : INFO: Response Status 	: 200
[04-04-2017 12:49:54] PayPal\Core\PayPalHttpConnection : INFO: POST https://api.sandbox.paypal.com/v1/payments/payment
[04-04-2017 12:49:55] PayPal\Core\PayPalHttpConnection : INFO: Invalid or no certificate authority found - Retrying using bundled CA certs file
[04-04-2017 12:49:56] PayPal\Core\PayPalHttpConnection : INFO: Response Status 	: 201
[04-04-2017 12:54:53] PayPal\Core\PayPalHttpConnection : INFO: POST https://api.sandbox.paypal.com/v1/oauth2/token
[04-04-2017 12:54:54] PayPal\Core\PayPalHttpConnection : INFO: Invalid or no certificate authority found - Retrying using bundled CA certs file
[04-04-2017 12:54:56] PayPal\Core\PayPalHttpConnection : INFO: Response Status 	: 200
[04-04-2017 12:54:56] PayPal\Core\PayPalHttpConnection : INFO: POST https://api.sandbox.paypal.com/v1/payments/payment
[04-04-2017 12:54:56] PayPal\Core\PayPalHttpConnection : INFO: Invalid or no certificate authority found - Retrying using bundled CA certs file
[04-04-2017 12:54:57] PayPal\Core\PayPalHttpConnection : INFO: Response Status 	: 201
[04-04-2017 12:56:02] PayPal\Core\PayPalHttpConnection : INFO: POST https://api.sandbox.paypal.com/v1/oauth2/token
[04-04-2017 12:56:02] PayPal\Core\PayPalHttpConnection : INFO: Invalid or no certificate authority found - Retrying using bundled CA certs file
[04-04-2017 12:56:04] PayPal\Core\PayPalHttpConnection : INFO: Response Status 	: 200
[04-04-2017 12:56:04] PayPal\Core\PayPalHttpConnection : INFO: POST https://api.sandbox.paypal.com/v1/payments/payment
[04-04-2017 12:56:04] PayPal\Core\PayPalHttpConnection : INFO: Invalid or no certificate authority found - Retrying using bundled CA certs file
[04-04-2017 12:56:06] PayPal\Core\PayPalHttpConnection : INFO: Response Status 	: 201
[04-04-2017 12:56:38] PayPal\Core\PayPalHttpConnection : INFO: POST https://api.sandbox.paypal.com/v1/oauth2/token
[04-04-2017 12:56:39] PayPal\Core\PayPalHttpConnection : INFO: Invalid or no certificate authority found - Retrying using bundled CA certs file
[04-04-2017 12:56:40] PayPal\Core\PayPalHttpConnection : INFO: Response Status 	: 200
[04-04-2017 12:56:40] PayPal\Core\PayPalHttpConnection : INFO: POST https://api.sandbox.paypal.com/v1/payments/payment
[04-04-2017 12:56:40] PayPal\Core\PayPalHttpConnection : INFO: Invalid or no certificate authority found - Retrying using bundled CA certs file
[04-04-2017 12:56:42] PayPal\Core\PayPalHttpConnection : INFO: Response Status 	: 201
[04-04-2017 12:57:06] PayPal\Core\PayPalHttpConnection : INFO: POST https://api.sandbox.paypal.com/v1/oauth2/token
[04-04-2017 12:57:06] PayPal\Core\PayPalHttpConnection : INFO: Invalid or no certificate authority found - Retrying using bundled CA certs file
[04-04-2017 12:57:08] PayPal\Core\PayPalHttpConnection : INFO: Response Status 	: 200
[04-04-2017 12:57:08] PayPal\Core\PayPalHttpConnection : INFO: POST https://api.sandbox.paypal.com/v1/payments/payment
[04-04-2017 12:57:08] PayPal\Core\PayPalHttpConnection : INFO: Invalid or no certificate authority found - Retrying using bundled CA certs file
[04-04-2017 12:57:10] PayPal\Core\PayPalHttpConnection : INFO: Response Status 	: 201
[04-04-2017 12:58:06] PayPal\Core\PayPalHttpConnection : INFO: POST https://api.sandbox.paypal.com/v1/oauth2/token
[04-04-2017 12:58:06] PayPal\Core\PayPalHttpConnection : INFO: Invalid or no certificate authority found - Retrying using bundled CA certs file
[04-04-2017 12:58:08] PayPal\Core\PayPalHttpConnection : INFO: Response Status 	: 200
[04-04-2017 12:58:08] PayPal\Core\PayPalHttpConnection : INFO: POST https://api.sandbox.paypal.com/v1/payments/payment
[04-04-2017 12:58:08] PayPal\Core\PayPalHttpConnection : INFO: Invalid or no certificate authority found - Retrying using bundled CA certs file
[04-04-2017 12:58:09] PayPal\Core\PayPalHttpConnection : INFO: Response Status 	: 201
[04-04-2017 01:27:33] PayPal\Core\PayPalHttpConnection : INFO: POST https://api.sandbox.paypal.com/v1/oauth2/token
[04-04-2017 01:27:34] PayPal\Core\PayPalHttpConnection : INFO: Invalid or no certificate authority found - Retrying using bundled CA certs file
[04-04-2017 01:27:35] PayPal\Core\PayPalHttpConnection : INFO: Response Status 	: 200
[04-04-2017 01:27:35] PayPal\Core\PayPalHttpConnection : INFO: POST https://api.sandbox.paypal.com/v1/payments/payment
[04-04-2017 01:27:36] PayPal\Core\PayPalHttpConnection : INFO: Invalid or no certificate authority found - Retrying using bundled CA certs file
[04-04-2017 01:27:37] PayPal\Core\PayPalHttpConnection : INFO: Response Status 	: 201
[04-04-2017 01:28:38] PayPal\Core\PayPalHttpConnection : INFO: POST https://api.sandbox.paypal.com/v1/oauth2/token
[04-04-2017 01:28:38] PayPal\Core\PayPalHttpConnection : INFO: Invalid or no certificate authority found - Retrying using bundled CA certs file
[04-04-2017 01:28:40] PayPal\Core\PayPalHttpConnection : INFO: Response Status 	: 200
[04-04-2017 01:28:40] PayPal\Core\PayPalHttpConnection : INFO: POST https://api.sandbox.paypal.com/v1/payments/payment
[04-04-2017 01:28:40] PayPal\Core\PayPalHttpConnection : INFO: Invalid or no certificate authority found - Retrying using bundled CA certs file
[04-04-2017 01:28:42] PayPal\Core\PayPalHttpConnection : INFO: Response Status 	: 201
[04-04-2017 06:33:39] PayPal\Core\PayPalHttpConnection : INFO: POST https://api.sandbox.paypal.com/v1/oauth2/token
[04-04-2017 06:33:40] PayPal\Core\PayPalHttpConnection : INFO: Invalid or no certificate authority found - Retrying using bundled CA certs file
[04-04-2017 06:33:41] PayPal\Core\PayPalHttpConnection : INFO: Response Status 	: 200
[04-04-2017 06:33:41] PayPal\Core\PayPalHttpConnection : INFO: POST https://api.sandbox.paypal.com/v1/payments/payment
[04-04-2017 06:33:42] PayPal\Core\PayPalHttpConnection : INFO: Invalid or no certificate authority found - Retrying using bundled CA certs file
[04-04-2017 06:33:43] PayPal\Core\PayPalHttpConnection : INFO: Response Status 	: 201
[04-04-2017 06:36:22] PayPal\Core\PayPalHttpConnection : INFO: POST https://api.sandbox.paypal.com/v1/oauth2/token
[04-04-2017 06:36:23] PayPal\Core\PayPalHttpConnection : INFO: Invalid or no certificate authority found - Retrying using bundled CA certs file
[04-04-2017 06:36:24] PayPal\Core\PayPalHttpConnection : INFO: Response Status 	: 200
[04-04-2017 06:36:24] PayPal\Core\PayPalHttpConnection : INFO: POST https://api.sandbox.paypal.com/v1/payments/payment
[04-04-2017 06:36:24] PayPal\Core\PayPalHttpConnection : INFO: Invalid or no certificate authority found - Retrying using bundled CA certs file
[04-04-2017 06:36:26] PayPal\Core\PayPalHttpConnection : INFO: Response Status 	: 201
[04-04-2017 06:39:01] PayPal\Core\PayPalHttpConnection : INFO: POST https://api.sandbox.paypal.com/v1/oauth2/token
[04-04-2017 06:39:02] PayPal\Core\PayPalHttpConnection : INFO: Invalid or no certificate authority found - Retrying using bundled CA certs file
[04-04-2017 06:39:04] PayPal\Core\PayPalHttpConnection : INFO: Response Status 	: 200
[04-04-2017 06:39:04] PayPal\Core\PayPalHttpConnection : INFO: POST https://api.sandbox.paypal.com/v1/payments/payment
[04-04-2017 06:39:04] PayPal\Core\PayPalHttpConnection : INFO: Invalid or no certificate authority found - Retrying using bundled CA certs file
[04-04-2017 06:39:06] PayPal\Core\PayPalHttpConnection : INFO: Response Status 	: 201
[04-04-2017 06:41:37] PayPal\Core\PayPalHttpConnection : INFO: POST https://api.sandbox.paypal.com/v1/oauth2/token
[04-04-2017 06:41:38] PayPal\Core\PayPalHttpConnection : INFO: Invalid or no certificate authority found - Retrying using bundled CA certs file
[04-04-2017 06:41:39] PayPal\Core\PayPalHttpConnection : INFO: Response Status 	: 200
[04-04-2017 06:41:39] PayPal\Core\PayPalHttpConnection : INFO: POST https://api.sandbox.paypal.com/v1/payments/payment
[04-04-2017 06:41:39] PayPal\Core\PayPalHttpConnection : INFO: Invalid or no certificate authority found - Retrying using bundled CA certs file
[04-04-2017 06:41:41] PayPal\Core\PayPalHttpConnection : INFO: Response Status 	: 201
[04-04-2017 06:42:00] PayPal\Core\PayPalHttpConnection : INFO: POST https://api.sandbox.paypal.com/v1/oauth2/token
[04-04-2017 06:42:01] PayPal\Core\PayPalHttpConnection : INFO: Invalid or no certificate authority found - Retrying using bundled CA certs file
[04-04-2017 06:42:05] PayPal\Core\PayPalHttpConnection : INFO: Response Status 	: 200
[04-04-2017 06:42:05] PayPal\Core\PayPalHttpConnection : INFO: POST https://api.sandbox.paypal.com/v1/payments/payment
[04-04-2017 06:42:06] PayPal\Core\PayPalHttpConnection : INFO: Invalid or no certificate authority found - Retrying using bundled CA certs file
[04-04-2017 06:42:07] PayPal\Core\PayPalHttpConnection : INFO: Response Status 	: 201
[20-04-2017 04:06:13] PayPal\Core\PayPalHttpConnection : INFO: POST https://api.sandbox.paypal.com/v1/oauth2/token
[20-04-2017 04:06:15] PayPal\Core\PayPalHttpConnection : INFO: Invalid or no certificate authority found - Retrying using bundled CA certs file
[20-04-2017 04:06:17] PayPal\Core\PayPalHttpConnection : INFO: Response Status 	: 200
[20-04-2017 04:06:17] PayPal\Core\PayPalHttpConnection : INFO: POST https://api.sandbox.paypal.com/v1/payments/payment
[20-04-2017 04:06:17] PayPal\Core\PayPalHttpConnection : INFO: Invalid or no certificate authority found - Retrying using bundled CA certs file
[20-04-2017 04:06:18] PayPal\Core\PayPalHttpConnection : INFO: Response Status 	: 201
[23-04-2017 09:27:42] PayPal\Core\PayPalHttpConnection : INFO: POST https://api.sandbox.paypal.com/v1/oauth2/token
[23-04-2017 09:27:44] PayPal\Core\PayPalHttpConnection : INFO: Invalid or no certificate authority found - Retrying using bundled CA certs file
[23-04-2017 09:27:45] PayPal\Core\PayPalHttpConnection : INFO: Response Status 	: 200
[23-04-2017 09:27:45] PayPal\Core\PayPalHttpConnection : INFO: POST https://api.sandbox.paypal.com/v1/payments/payment
[23-04-2017 09:27:46] PayPal\Core\PayPalHttpConnection : INFO: Invalid or no certificate authority found - Retrying using bundled CA certs file
[23-04-2017 09:27:47] PayPal\Core\PayPalHttpConnection : INFO: Response Status 	: 201
[13-05-2017 04:00:43] PayPal\Core\PayPalHttpConnection : INFO: POST https://api.sandbox.paypal.com/v1/oauth2/token
[13-05-2017 04:00:47] PayPal\Core\PayPalHttpConnection : INFO: Invalid or no certificate authority found - Retrying using bundled CA certs file
[13-05-2017 04:00:48] PayPal\Core\PayPalHttpConnection : INFO: Response Status 	: 200
[13-05-2017 04:00:48] PayPal\Core\PayPalHttpConnection : INFO: POST https://api.sandbox.paypal.com/v1/payments/payment
[13-05-2017 04:00:49] PayPal\Core\PayPalHttpConnection : INFO: Invalid or no certificate authority found - Retrying using bundled CA certs file
[13-05-2017 04:00:50] PayPal\Core\PayPalHttpConnection : INFO: Response Status 	: 201
[30-05-2017 09:12:41] PayPal\Core\PayPalHttpConnection : INFO: POST https://api.sandbox.paypal.com/v1/oauth2/token
[30-05-2017 09:12:43] PayPal\Core\PayPalHttpConnection : INFO: Invalid or no certificate authority found - Retrying using bundled CA certs file
[30-05-2017 09:12:44] PayPal\Core\PayPalHttpConnection : INFO: Response Status 	: 200
[30-05-2017 09:12:44] PayPal\Core\PayPalHttpConnection : INFO: POST https://api.sandbox.paypal.com/v1/payments/payment
[30-05-2017 09:12:45] PayPal\Core\PayPalHttpConnection : INFO: Invalid or no certificate authority found - Retrying using bundled CA certs file
[30-05-2017 09:12:46] PayPal\Core\PayPalHttpConnection : INFO: Response Status 	: 201
[30-05-2017 09:16:42] PayPal\Core\PayPalHttpConnection : INFO: POST https://api.sandbox.paypal.com/v1/oauth2/token
[30-05-2017 09:16:43] PayPal\Core\PayPalHttpConnection : INFO: Invalid or no certificate authority found - Retrying using bundled CA certs file
[30-05-2017 09:16:44] PayPal\Core\PayPalHttpConnection : INFO: Response Status 	: 200
[30-05-2017 09:16:44] PayPal\Core\PayPalHttpConnection : INFO: POST https://api.sandbox.paypal.com/v1/payments/payment
[30-05-2017 09:16:44] PayPal\Core\PayPalHttpConnection : INFO: Invalid or no certificate authority found - Retrying using bundled CA certs file
[30-05-2017 09:16:46] PayPal\Core\PayPalHttpConnection : INFO: Response Status 	: 201
[30-05-2017 09:19:13] PayPal\Core\PayPalHttpConnection : INFO: POST https://api.sandbox.paypal.com/v1/oauth2/token
[30-05-2017 09:19:14] PayPal\Core\PayPalHttpConnection : INFO: Invalid or no certificate authority found - Retrying using bundled CA certs file
[30-05-2017 09:19:15] PayPal\Core\PayPalHttpConnection : INFO: Response Status 	: 200
[30-05-2017 09:19:15] PayPal\Core\PayPalHttpConnection : INFO: POST https://api.sandbox.paypal.com/v1/payments/payment
[30-05-2017 09:19:15] PayPal\Core\PayPalHttpConnection : INFO: Invalid or no certificate authority found - Retrying using bundled CA certs file
[30-05-2017 09:19:16] PayPal\Core\PayPalHttpConnection : INFO: Response Status 	: 201
[30-05-2017 09:19:37] PayPal\Core\PayPalHttpConnection : INFO: POST https://api.sandbox.paypal.com/v1/oauth2/token
[30-05-2017 09:19:37] PayPal\Core\PayPalHttpConnection : INFO: Invalid or no certificate authority found - Retrying using bundled CA certs file
[30-05-2017 09:19:38] PayPal\Core\PayPalHttpConnection : INFO: Response Status 	: 200
[30-05-2017 09:19:38] PayPal\Core\PayPalHttpConnection : INFO: POST https://api.sandbox.paypal.com/v1/payments/payment
[30-05-2017 09:19:39] PayPal\Core\PayPalHttpConnection : INFO: Invalid or no certificate authority found - Retrying using bundled CA certs file
[30-05-2017 09:19:40] PayPal\Core\PayPalHttpConnection : INFO: Response Status 	: 201
[30-05-2017 09:21:05] PayPal\Core\PayPalHttpConnection : INFO: POST https://api.sandbox.paypal.com/v1/oauth2/token
[30-05-2017 09:21:05] PayPal\Core\PayPalHttpConnection : INFO: Invalid or no certificate authority found - Retrying using bundled CA certs file
[30-05-2017 09:21:06] PayPal\Core\PayPalHttpConnection : INFO: Response Status 	: 200
[30-05-2017 09:21:06] PayPal\Core\PayPalHttpConnection : INFO: POST https://api.sandbox.paypal.com/v1/payments/payment
[30-05-2017 09:21:07] PayPal\Core\PayPalHttpConnection : INFO: Invalid or no certificate authority found - Retrying using bundled CA certs file
[30-05-2017 09:21:08] PayPal\Core\PayPalHttpConnection : INFO: Response Status 	: 201
[30-05-2017 09:40:52] PayPal\Core\PayPalHttpConnection : INFO: POST https://api.sandbox.paypal.com/v1/oauth2/token
[30-05-2017 09:40:53] PayPal\Core\PayPalHttpConnection : INFO: Invalid or no certificate authority found - Retrying using bundled CA certs file
[30-05-2017 09:40:54] PayPal\Core\PayPalHttpConnection : INFO: Response Status 	: 200
[30-05-2017 09:40:54] PayPal\Core\PayPalHttpConnection : INFO: POST https://api.sandbox.paypal.com/v1/payments/payment
[30-05-2017 09:40:55] PayPal\Core\PayPalHttpConnection : INFO: Invalid or no certificate authority found - Retrying using bundled CA certs file
[30-05-2017 09:40:56] PayPal\Core\PayPalHttpConnection : INFO: Response Status 	: 201
[30-05-2017 10:04:42] PayPal\Core\PayPalHttpConnection : INFO: POST https://api.sandbox.paypal.com/v1/oauth2/token
[30-05-2017 10:04:43] PayPal\Core\PayPalHttpConnection : INFO: Invalid or no certificate authority found - Retrying using bundled CA certs file
[30-05-2017 10:04:44] PayPal\Core\PayPalHttpConnection : INFO: Response Status 	: 200
[30-05-2017 10:04:44] PayPal\Core\PayPalHttpConnection : INFO: POST https://api.sandbox.paypal.com/v1/payments/payment
[30-05-2017 10:04:44] PayPal\Core\PayPalHttpConnection : INFO: Invalid or no certificate authority found - Retrying using bundled CA certs file
[30-05-2017 10:04:46] PayPal\Core\PayPalHttpConnection : INFO: Response Status 	: 201
[30-05-2017 10:12:47] PayPal\Core\PayPalHttpConnection : INFO: POST https://api.sandbox.paypal.com/v1/oauth2/token
[30-05-2017 10:12:48] PayPal\Core\PayPalHttpConnection : INFO: Invalid or no certificate authority found - Retrying using bundled CA certs file
[30-05-2017 10:12:50] PayPal\Core\PayPalHttpConnection : INFO: Response Status 	: 200
[30-05-2017 10:12:50] PayPal\Core\PayPalHttpConnection : INFO: POST https://api.sandbox.paypal.com/v1/payments/payment
[30-05-2017 10:12:51] PayPal\Core\PayPalHttpConnection : INFO: Invalid or no certificate authority found - Retrying using bundled CA certs file
[30-05-2017 10:12:52] PayPal\Core\PayPalHttpConnection : INFO: Response Status 	: 201
[30-05-2017 10:13:04] PayPal\Core\PayPalHttpConnection : INFO: POST https://api.sandbox.paypal.com/v1/oauth2/token
[30-05-2017 10:13:05] PayPal\Core\PayPalHttpConnection : INFO: Invalid or no certificate authority found - Retrying using bundled CA certs file
[30-05-2017 10:13:06] PayPal\Core\PayPalHttpConnection : INFO: Response Status 	: 200
[30-05-2017 10:13:06] PayPal\Core\PayPalHttpConnection : INFO: POST https://api.sandbox.paypal.com/v1/payments/payment
[30-05-2017 10:13:06] PayPal\Core\PayPalHttpConnection : INFO: Invalid or no certificate authority found - Retrying using bundled CA certs file
[30-05-2017 10:13:08] PayPal\Core\PayPalHttpConnection : INFO: Response Status 	: 201
[30-05-2017 10:50:49] PayPal\Core\PayPalHttpConnection : INFO: POST https://api.sandbox.paypal.com/v1/oauth2/token
[30-05-2017 10:50:50] PayPal\Core\PayPalHttpConnection : INFO: Invalid or no certificate authority found - Retrying using bundled CA certs file
[30-05-2017 10:50:51] PayPal\Core\PayPalHttpConnection : INFO: Response Status 	: 200
[30-05-2017 10:50:51] PayPal\Core\PayPalHttpConnection : INFO: POST https://api.sandbox.paypal.com/v1/payments/payment
[30-05-2017 10:50:51] PayPal\Core\PayPalHttpConnection : INFO: Invalid or no certificate authority found - Retrying using bundled CA certs file
[30-05-2017 10:50:53] PayPal\Core\PayPalHttpConnection : INFO: Response Status 	: 201
[30-05-2017 11:17:19] PayPal\Core\PayPalHttpConnection : INFO: POST https://api.sandbox.paypal.com/v1/oauth2/token
[30-05-2017 11:17:20] PayPal\Core\PayPalHttpConnection : INFO: Invalid or no certificate authority found - Retrying using bundled CA certs file
[30-05-2017 11:17:21] PayPal\Core\PayPalHttpConnection : INFO: Response Status 	: 200
[30-05-2017 11:17:21] PayPal\Core\PayPalHttpConnection : INFO: POST https://api.sandbox.paypal.com/v1/payments/payment
[30-05-2017 11:17:22] PayPal\Core\PayPalHttpConnection : INFO: Invalid or no certificate authority found - Retrying using bundled CA certs file
[30-05-2017 11:17:23] PayPal\Core\PayPalHttpConnection : INFO: Response Status 	: 201
[30-05-2017 11:23:22] PayPal\Core\PayPalHttpConnection : INFO: POST https://api.sandbox.paypal.com/v1/oauth2/token
[30-05-2017 11:23:23] PayPal\Core\PayPalHttpConnection : INFO: Invalid or no certificate authority found - Retrying using bundled CA certs file
[30-05-2017 11:23:24] PayPal\Core\PayPalHttpConnection : INFO: Response Status 	: 200
[30-05-2017 11:23:24] PayPal\Core\PayPalHttpConnection : INFO: POST https://api.sandbox.paypal.com/v1/payments/payment
[30-05-2017 11:23:24] PayPal\Core\PayPalHttpConnection : INFO: Invalid or no certificate authority found - Retrying using bundled CA certs file
[30-05-2017 11:23:25] PayPal\Core\PayPalHttpConnection : INFO: Response Status 	: 201
[30-05-2017 11:25:42] PayPal\Core\PayPalHttpConnection : INFO: POST https://api.sandbox.paypal.com/v1/oauth2/token
[30-05-2017 11:25:43] PayPal\Core\PayPalHttpConnection : INFO: Invalid or no certificate authority found - Retrying using bundled CA certs file
[30-05-2017 11:25:44] PayPal\Core\PayPalHttpConnection : INFO: Response Status 	: 200
[30-05-2017 11:25:44] PayPal\Core\PayPalHttpConnection : INFO: POST https://api.sandbox.paypal.com/v1/payments/payment
[30-05-2017 11:25:44] PayPal\Core\PayPalHttpConnection : INFO: Invalid or no certificate authority found - Retrying using bundled CA certs file
[30-05-2017 11:25:46] PayPal\Core\PayPalHttpConnection : INFO: Response Status 	: 201
[30-05-2017 11:31:24] PayPal\Core\PayPalHttpConnection : INFO: POST https://api.sandbox.paypal.com/v1/oauth2/token
[30-05-2017 11:31:25] PayPal\Core\PayPalHttpConnection : INFO: Invalid or no certificate authority found - Retrying using bundled CA certs file
[30-05-2017 11:31:26] PayPal\Core\PayPalHttpConnection : INFO: Response Status 	: 200
[30-05-2017 11:31:26] PayPal\Core\PayPalHttpConnection : INFO: POST https://api.sandbox.paypal.com/v1/payments/payment
[30-05-2017 11:31:26] PayPal\Core\PayPalHttpConnection : INFO: Invalid or no certificate authority found - Retrying using bundled CA certs file
[30-05-2017 11:31:27] PayPal\Core\PayPalHttpConnection : INFO: Response Status 	: 201
[30-05-2017 11:54:01] PayPal\Core\PayPalHttpConnection : INFO: POST https://api.sandbox.paypal.com/v1/oauth2/token
[30-05-2017 11:54:02] PayPal\Core\PayPalHttpConnection : INFO: Invalid or no certificate authority found - Retrying using bundled CA certs file
[30-05-2017 11:54:03] PayPal\Core\PayPalHttpConnection : INFO: Response Status 	: 200
[30-05-2017 11:54:03] PayPal\Core\PayPalHttpConnection : INFO: POST https://api.sandbox.paypal.com/v1/payments/payment
[30-05-2017 11:54:03] PayPal\Core\PayPalHttpConnection : INFO: Invalid or no certificate authority found - Retrying using bundled CA certs file
[30-05-2017 11:54:05] PayPal\Core\PayPalHttpConnection : INFO: Response Status 	: 201
[30-05-2017 11:55:15] PayPal\Core\PayPalHttpConnection : INFO: POST https://api.sandbox.paypal.com/v1/oauth2/token
[30-05-2017 11:55:15] PayPal\Core\PayPalHttpConnection : INFO: Invalid or no certificate authority found - Retrying using bundled CA certs file
[30-05-2017 11:55:16] PayPal\Core\PayPalHttpConnection : INFO: Response Status 	: 200
[30-05-2017 11:55:16] PayPal\Core\PayPalHttpConnection : INFO: POST https://api.sandbox.paypal.com/v1/payments/payment
[30-05-2017 11:55:17] PayPal\Core\PayPalHttpConnection : INFO: Invalid or no certificate authority found - Retrying using bundled CA certs file
[30-05-2017 11:55:18] PayPal\Core\PayPalHttpConnection : INFO: Response Status 	: 201
[30-05-2017 11:59:38] PayPal\Core\PayPalHttpConnection : INFO: POST https://api.sandbox.paypal.com/v1/oauth2/token
[30-05-2017 11:59:39] PayPal\Core\PayPalHttpConnection : INFO: Invalid or no certificate authority found - Retrying using bundled CA certs file
[30-05-2017 11:59:40] PayPal\Core\PayPalHttpConnection : INFO: Response Status 	: 200
[30-05-2017 11:59:40] PayPal\Core\PayPalHttpConnection : INFO: POST https://api.sandbox.paypal.com/v1/payments/payment
[30-05-2017 11:59:41] PayPal\Core\PayPalHttpConnection : INFO: Invalid or no certificate authority found - Retrying using bundled CA certs file
[30-05-2017 11:59:42] PayPal\Core\PayPalHttpConnection : INFO: Response Status 	: 201
[31-05-2017 12:01:49] PayPal\Core\PayPalHttpConnection : INFO: POST https://api.sandbox.paypal.com/v1/oauth2/token
[31-05-2017 12:01:49] PayPal\Core\PayPalHttpConnection : INFO: Invalid or no certificate authority found - Retrying using bundled CA certs file
[31-05-2017 12:01:50] PayPal\Core\PayPalHttpConnection : INFO: Response Status 	: 200
[31-05-2017 12:01:50] PayPal\Core\PayPalHttpConnection : INFO: POST https://api.sandbox.paypal.com/v1/payments/payment
[31-05-2017 12:01:51] PayPal\Core\PayPalHttpConnection : INFO: Invalid or no certificate authority found - Retrying using bundled CA certs file
[31-05-2017 12:01:52] PayPal\Core\PayPalHttpConnection : INFO: Response Status 	: 500
[31-05-2017 12:01:52] PayPal\Core\PayPalHttpConnection : ERROR: Got Http response code 500 when accessing https://api.sandbox.paypal.com/v1/payments/payment. {"name":"INTERNAL_SERVICE_ERROR","message":"An internal service error has occurred","information_link":"https://developer.paypal.com/docs/api/payments/#errors","debug_id":"39ec80bd24042"}
[31-05-2017 12:01:58] PayPal\Core\PayPalHttpConnection : INFO: POST https://api.sandbox.paypal.com/v1/oauth2/token
[31-05-2017 12:01:59] PayPal\Core\PayPalHttpConnection : INFO: Invalid or no certificate authority found - Retrying using bundled CA certs file
[31-05-2017 12:02:00] PayPal\Core\PayPalHttpConnection : INFO: Response Status 	: 200
[31-05-2017 12:02:00] PayPal\Core\PayPalHttpConnection : INFO: POST https://api.sandbox.paypal.com/v1/payments/payment
[31-05-2017 12:02:00] PayPal\Core\PayPalHttpConnection : INFO: Invalid or no certificate authority found - Retrying using bundled CA certs file
[31-05-2017 12:02:02] PayPal\Core\PayPalHttpConnection : INFO: Response Status 	: 201
[31-05-2017 12:04:55] PayPal\Core\PayPalHttpConnection : INFO: POST https://api.sandbox.paypal.com/v1/oauth2/token
[31-05-2017 12:04:56] PayPal\Core\PayPalHttpConnection : INFO: Invalid or no certificate authority found - Retrying using bundled CA certs file
[31-05-2017 12:04:57] PayPal\Core\PayPalHttpConnection : INFO: Response Status 	: 200
[31-05-2017 12:04:57] PayPal\Core\PayPalHttpConnection : INFO: POST https://api.sandbox.paypal.com/v1/payments/payment
[31-05-2017 12:04:58] PayPal\Core\PayPalHttpConnection : INFO: Invalid or no certificate authority found - Retrying using bundled CA certs file
[31-05-2017 12:04:59] PayPal\Core\PayPalHttpConnection : INFO: Response Status 	: 201
[31-05-2017 12:07:48] PayPal\Core\PayPalHttpConnection : INFO: POST https://api.sandbox.paypal.com/v1/oauth2/token
[31-05-2017 12:07:48] PayPal\Core\PayPalHttpConnection : INFO: Invalid or no certificate authority found - Retrying using bundled CA certs file
[31-05-2017 12:07:49] PayPal\Core\PayPalHttpConnection : INFO: Response Status 	: 200
[31-05-2017 12:07:49] PayPal\Core\PayPalHttpConnection : INFO: POST https://api.sandbox.paypal.com/v1/payments/payment
[31-05-2017 12:07:49] PayPal\Core\PayPalHttpConnection : INFO: Invalid or no certificate authority found - Retrying using bundled CA certs file
[31-05-2017 12:07:50] PayPal\Core\PayPalHttpConnection : INFO: Response Status 	: 500
[31-05-2017 12:07:50] PayPal\Core\PayPalHttpConnection : ERROR: Got Http response code 500 when accessing https://api.sandbox.paypal.com/v1/payments/payment. {"name":"INTERNAL_SERVICE_ERROR","message":"An internal service error has occurred","information_link":"https://developer.paypal.com/docs/api/payments/#errors","debug_id":"a9dec604a478e"}
[31-05-2017 12:08:18] PayPal\Core\PayPalHttpConnection : INFO: POST https://api.sandbox.paypal.com/v1/oauth2/token
[31-05-2017 12:08:19] PayPal\Core\PayPalHttpConnection : INFO: Invalid or no certificate authority found - Retrying using bundled CA certs file
[31-05-2017 12:08:20] PayPal\Core\PayPalHttpConnection : INFO: Response Status 	: 200
[31-05-2017 12:08:20] PayPal\Core\PayPalHttpConnection : INFO: POST https://api.sandbox.paypal.com/v1/payments/payment
[31-05-2017 12:08:20] PayPal\Core\PayPalHttpConnection : INFO: Invalid or no certificate authority found - Retrying using bundled CA certs file
[31-05-2017 12:08:22] PayPal\Core\PayPalHttpConnection : INFO: Response Status 	: 201
[31-05-2017 12:09:54] PayPal\Core\PayPalHttpConnection : INFO: POST https://api.sandbox.paypal.com/v1/oauth2/token
[31-05-2017 12:09:55] PayPal\Core\PayPalHttpConnection : INFO: Invalid or no certificate authority found - Retrying using bundled CA certs file
[31-05-2017 12:09:56] PayPal\Core\PayPalHttpConnection : INFO: Response Status 	: 200
[31-05-2017 12:09:56] PayPal\Core\PayPalHttpConnection : INFO: POST https://api.sandbox.paypal.com/v1/payments/payment
[31-05-2017 12:09:57] PayPal\Core\PayPalHttpConnection : INFO: Invalid or no certificate authority found - Retrying using bundled CA certs file
[31-05-2017 12:09:58] PayPal\Core\PayPalHttpConnection : INFO: Response Status 	: 201
[31-05-2017 12:11:47] PayPal\Core\PayPalHttpConnection : INFO: POST https://api.sandbox.paypal.com/v1/oauth2/token
[31-05-2017 12:11:47] PayPal\Core\PayPalHttpConnection : INFO: Invalid or no certificate authority found - Retrying using bundled CA certs file
[31-05-2017 12:11:48] PayPal\Core\PayPalHttpConnection : INFO: Response Status 	: 200
[31-05-2017 12:11:48] PayPal\Core\PayPalHttpConnection : INFO: POST https://api.sandbox.paypal.com/v1/payments/payment
[31-05-2017 12:11:49] PayPal\Core\PayPalHttpConnection : INFO: Invalid or no certificate authority found - Retrying using bundled CA certs file
[31-05-2017 12:11:50] PayPal\Core\PayPalHttpConnection : INFO: Response Status 	: 201
[31-05-2017 12:19:39] PayPal\Core\PayPalHttpConnection : INFO: POST https://api.sandbox.paypal.com/v1/oauth2/token
[31-05-2017 12:19:40] PayPal\Core\PayPalHttpConnection : INFO: Invalid or no certificate authority found - Retrying using bundled CA certs file
[31-05-2017 12:19:41] PayPal\Core\PayPalHttpConnection : INFO: Response Status 	: 200
[31-05-2017 12:19:41] PayPal\Core\PayPalHttpConnection : INFO: POST https://api.sandbox.paypal.com/v1/payments/payment
[31-05-2017 12:19:42] PayPal\Core\PayPalHttpConnection : INFO: Invalid or no certificate authority found - Retrying using bundled CA certs file
[31-05-2017 12:19:43] PayPal\Core\PayPalHttpConnection : INFO: Response Status 	: 201
[31-05-2017 12:23:06] PayPal\Core\PayPalHttpConnection : INFO: POST https://api.sandbox.paypal.com/v1/oauth2/token
[31-05-2017 12:23:07] PayPal\Core\PayPalHttpConnection : INFO: Invalid or no certificate authority found - Retrying using bundled CA certs file
[31-05-2017 12:23:08] PayPal\Core\PayPalHttpConnection : INFO: Response Status 	: 200
[31-05-2017 12:23:08] PayPal\Core\PayPalHttpConnection : INFO: POST https://api.sandbox.paypal.com/v1/payments/payment
[31-05-2017 12:23:08] PayPal\Core\PayPalHttpConnection : INFO: Invalid or no certificate authority found - Retrying using bundled CA certs file
[31-05-2017 12:23:10] PayPal\Core\PayPalHttpConnection : INFO: Response Status 	: 201
[31-05-2017 12:31:33] PayPal\Core\PayPalHttpConnection : INFO: POST https://api.sandbox.paypal.com/v1/oauth2/token
[31-05-2017 12:31:34] PayPal\Core\PayPalHttpConnection : INFO: Invalid or no certificate authority found - Retrying using bundled CA certs file
[31-05-2017 12:31:35] PayPal\Core\PayPalHttpConnection : INFO: Response Status 	: 200
[31-05-2017 12:31:35] PayPal\Core\PayPalHttpConnection : INFO: POST https://api.sandbox.paypal.com/v1/payments/payment
[31-05-2017 12:31:36] PayPal\Core\PayPalHttpConnection : INFO: Invalid or no certificate authority found - Retrying using bundled CA certs file
[31-05-2017 12:31:37] PayPal\Core\PayPalHttpConnection : INFO: Response Status 	: 201
[31-05-2017 12:36:04] PayPal\Core\PayPalHttpConnection : INFO: POST https://api.sandbox.paypal.com/v1/oauth2/token
[31-05-2017 12:36:05] PayPal\Core\PayPalHttpConnection : INFO: Invalid or no certificate authority found - Retrying using bundled CA certs file
[31-05-2017 12:36:06] PayPal\Core\PayPalHttpConnection : INFO: Response Status 	: 200
[31-05-2017 12:36:06] PayPal\Core\PayPalHttpConnection : INFO: POST https://api.sandbox.paypal.com/v1/payments/payment
[31-05-2017 12:36:07] PayPal\Core\PayPalHttpConnection : INFO: Invalid or no certificate authority found - Retrying using bundled CA certs file
[31-05-2017 12:36:08] PayPal\Core\PayPalHttpConnection : INFO: Response Status 	: 201
[31-05-2017 12:50:16] PayPal\Core\PayPalHttpConnection : INFO: POST https://api.sandbox.paypal.com/v1/oauth2/token
[31-05-2017 12:50:16] PayPal\Core\PayPalHttpConnection : INFO: Invalid or no certificate authority found - Retrying using bundled CA certs file
[31-05-2017 12:50:17] PayPal\Core\PayPalHttpConnection : INFO: Response Status 	: 200
[31-05-2017 12:50:17] PayPal\Core\PayPalHttpConnection : INFO: POST https://api.sandbox.paypal.com/v1/payments/payment
[31-05-2017 12:50:18] PayPal\Core\PayPalHttpConnection : INFO: Invalid or no certificate authority found - Retrying using bundled CA certs file
[31-05-2017 12:50:19] PayPal\Core\PayPalHttpConnection : INFO: Response Status 	: 201
[31-05-2017 01:30:12] PayPal\Core\PayPalHttpConnection : INFO: POST https://api.sandbox.paypal.com/v1/oauth2/token
[31-05-2017 01:30:13] PayPal\Core\PayPalHttpConnection : INFO: Invalid or no certificate authority found - Retrying using bundled CA certs file
[31-05-2017 01:30:14] PayPal\Core\PayPalHttpConnection : INFO: Response Status 	: 200
[31-05-2017 01:30:14] PayPal\Core\PayPalHttpConnection : INFO: POST https://api.sandbox.paypal.com/v1/payments/payment
[31-05-2017 01:30:15] PayPal\Core\PayPalHttpConnection : INFO: Invalid or no certificate authority found - Retrying using bundled CA certs file
[31-05-2017 01:30:16] PayPal\Core\PayPalHttpConnection : INFO: Response Status 	: 201
[31-05-2017 01:52:37] PayPal\Core\PayPalHttpConnection : INFO: POST https://api.sandbox.paypal.com/v1/oauth2/token
[31-05-2017 01:52:37] PayPal\Core\PayPalHttpConnection : INFO: Invalid or no certificate authority found - Retrying using bundled CA certs file
[31-05-2017 01:52:38] PayPal\Core\PayPalHttpConnection : INFO: Response Status 	: 200
[31-05-2017 01:52:38] PayPal\Core\PayPalHttpConnection : INFO: POST https://api.sandbox.paypal.com/v1/payments/payment
[31-05-2017 01:52:39] PayPal\Core\PayPalHttpConnection : INFO: Invalid or no certificate authority found - Retrying using bundled CA certs file
[31-05-2017 01:52:40] PayPal\Core\PayPalHttpConnection : INFO: Response Status 	: 201
[31-05-2017 01:57:13] PayPal\Core\PayPalHttpConnection : INFO: POST https://api.sandbox.paypal.com/v1/oauth2/token
[31-05-2017 01:57:13] PayPal\Core\PayPalHttpConnection : INFO: Invalid or no certificate authority found - Retrying using bundled CA certs file
[31-05-2017 01:57:14] PayPal\Core\PayPalHttpConnection : INFO: Response Status 	: 200
[31-05-2017 01:57:14] PayPal\Core\PayPalHttpConnection : INFO: POST https://api.sandbox.paypal.com/v1/payments/payment
[31-05-2017 01:57:15] PayPal\Core\PayPalHttpConnection : INFO: Invalid or no certificate authority found - Retrying using bundled CA certs file
[31-05-2017 01:57:16] PayPal\Core\PayPalHttpConnection : INFO: Response Status 	: 201
[31-05-2017 01:58:42] PayPal\Core\PayPalHttpConnection : INFO: POST https://api.sandbox.paypal.com/v1/oauth2/token
[31-05-2017 01:58:42] PayPal\Core\PayPalHttpConnection : INFO: Invalid or no certificate authority found - Retrying using bundled CA certs file
[31-05-2017 01:58:43] PayPal\Core\PayPalHttpConnection : INFO: Response Status 	: 200
[31-05-2017 01:58:43] PayPal\Core\PayPalHttpConnection : INFO: POST https://api.sandbox.paypal.com/v1/payments/payment
[31-05-2017 01:58:44] PayPal\Core\PayPalHttpConnection : INFO: Invalid or no certificate authority found - Retrying using bundled CA certs file
[31-05-2017 01:58:45] PayPal\Core\PayPalHttpConnection : INFO: Response Status 	: 201
[31-05-2017 02:05:33] PayPal\Core\PayPalHttpConnection : INFO: POST https://api.sandbox.paypal.com/v1/oauth2/token
[31-05-2017 02:05:34] PayPal\Core\PayPalHttpConnection : INFO: Invalid or no certificate authority found - Retrying using bundled CA certs file
[31-05-2017 02:05:35] PayPal\Core\PayPalHttpConnection : INFO: Response Status 	: 200
[31-05-2017 02:05:35] PayPal\Core\PayPalHttpConnection : INFO: POST https://api.sandbox.paypal.com/v1/payments/payment
[31-05-2017 02:05:35] PayPal\Core\PayPalHttpConnection : INFO: Invalid or no certificate authority found - Retrying using bundled CA certs file
[31-05-2017 02:05:36] PayPal\Core\PayPalHttpConnection : INFO: Response Status 	: 201
[31-05-2017 02:14:23] PayPal\Core\PayPalHttpConnection : INFO: POST https://api.sandbox.paypal.com/v1/oauth2/token
[31-05-2017 02:14:24] PayPal\Core\PayPalHttpConnection : INFO: Invalid or no certificate authority found - Retrying using bundled CA certs file
[31-05-2017 02:14:25] PayPal\Core\PayPalHttpConnection : INFO: Response Status 	: 200
[31-05-2017 02:14:25] PayPal\Core\PayPalHttpConnection : INFO: POST https://api.sandbox.paypal.com/v1/payments/payment
[31-05-2017 02:14:26] PayPal\Core\PayPalHttpConnection : INFO: Invalid or no certificate authority found - Retrying using bundled CA certs file
[31-05-2017 02:14:27] PayPal\Core\PayPalHttpConnection : INFO: Response Status 	: 201
[31-05-2017 02:15:06] PayPal\Core\PayPalHttpConnection : INFO: POST https://api.sandbox.paypal.com/v1/oauth2/token
[31-05-2017 02:15:06] PayPal\Core\PayPalHttpConnection : INFO: Invalid or no certificate authority found - Retrying using bundled CA certs file
[31-05-2017 02:15:07] PayPal\Core\PayPalHttpConnection : INFO: Response Status 	: 200
[31-05-2017 02:15:07] PayPal\Core\PayPalHttpConnection : INFO: POST https://api.sandbox.paypal.com/v1/payments/payment
[31-05-2017 02:15:08] PayPal\Core\PayPalHttpConnection : INFO: Invalid or no certificate authority found - Retrying using bundled CA certs file
[31-05-2017 02:15:09] PayPal\Core\PayPalHttpConnection : INFO: Response Status 	: 201
[31-05-2017 02:22:51] PayPal\Core\PayPalHttpConnection : INFO: POST https://api.sandbox.paypal.com/v1/oauth2/token
[31-05-2017 02:22:52] PayPal\Core\PayPalHttpConnection : INFO: Invalid or no certificate authority found - Retrying using bundled CA certs file
[31-05-2017 02:22:53] PayPal\Core\PayPalHttpConnection : INFO: Response Status 	: 200
[31-05-2017 02:22:53] PayPal\Core\PayPalHttpConnection : INFO: POST https://api.sandbox.paypal.com/v1/payments/payment
[31-05-2017 02:22:53] PayPal\Core\PayPalHttpConnection : INFO: Invalid or no certificate authority found - Retrying using bundled CA certs file
[31-05-2017 02:22:54] PayPal\Core\PayPalHttpConnection : INFO: Response Status 	: 201
[31-05-2017 02:23:52] PayPal\Core\PayPalHttpConnection : INFO: POST https://api.sandbox.paypal.com/v1/oauth2/token
[31-05-2017 02:23:52] PayPal\Core\PayPalHttpConnection : INFO: Invalid or no certificate authority found - Retrying using bundled CA certs file
[31-05-2017 02:23:53] PayPal\Core\PayPalHttpConnection : INFO: Response Status 	: 200
[31-05-2017 02:23:53] PayPal\Core\PayPalHttpConnection : INFO: POST https://api.sandbox.paypal.com/v1/payments/payment
[31-05-2017 02:23:54] PayPal\Core\PayPalHttpConnection : INFO: Invalid or no certificate authority found - Retrying using bundled CA certs file
[31-05-2017 02:23:55] PayPal\Core\PayPalHttpConnection : INFO: Response Status 	: 201
[31-05-2017 08:34:54] PayPal\Core\PayPalHttpConnection : INFO: POST https://api.sandbox.paypal.com/v1/oauth2/token
[31-05-2017 08:34:55] PayPal\Core\PayPalHttpConnection : INFO: Invalid or no certificate authority found - Retrying using bundled CA certs file
[31-05-2017 08:34:58] PayPal\Core\PayPalHttpConnection : INFO: Response Status 	: 401
[31-05-2017 08:34:58] PayPal\Core\PayPalHttpConnection : ERROR: Got Http response code 401 when accessing https://api.sandbox.paypal.com/v1/oauth2/token. {"error":"closed_user","error_description":"Closed user credentials"}
[31-05-2017 08:40:30] PayPal\Core\PayPalHttpConnection : INFO: POST https://api.sandbox.paypal.com/v1/oauth2/token
[31-05-2017 08:44:03] PayPal\Core\PayPalHttpConnection : INFO: POST https://api.sandbox.paypal.com/v1/oauth2/token
[31-05-2017 08:44:04] PayPal\Core\PayPalHttpConnection : INFO: Invalid or no certificate authority found - Retrying using bundled CA certs file
[31-05-2017 08:44:05] PayPal\Core\PayPalHttpConnection : INFO: Response Status 	: 401
[31-05-2017 08:44:05] PayPal\Core\PayPalHttpConnection : ERROR: Got Http response code 401 when accessing https://api.sandbox.paypal.com/v1/oauth2/token. {"error":"closed_user","error_description":"Closed user credentials"}
[31-05-2017 08:49:46] PayPal\Core\PayPalHttpConnection : INFO: POST https://api.sandbox.paypal.com/v1/oauth2/token
[31-05-2017 08:49:47] PayPal\Core\PayPalHttpConnection : INFO: Invalid or no certificate authority found - Retrying using bundled CA certs file
[31-05-2017 08:49:48] PayPal\Core\PayPalHttpConnection : INFO: Response Status 	: 401
[31-05-2017 08:49:48] PayPal\Core\PayPalHttpConnection : ERROR: Got Http response code 401 when accessing https://api.sandbox.paypal.com/v1/oauth2/token. {"error":"closed_user","error_description":"Closed user credentials"}
[31-05-2017 08:54:50] PayPal\Core\PayPalHttpConnection : INFO: POST https://api.sandbox.paypal.com/v1/oauth2/token
[31-05-2017 08:54:51] PayPal\Core\PayPalHttpConnection : INFO: Invalid or no certificate authority found - Retrying using bundled CA certs file
[31-05-2017 08:54:52] PayPal\Core\PayPalHttpConnection : DEBUG: Request Headers 	: POST /v1/oauth2/token HTTP/1.1, Host: api.sandbox.paypal.com, User-Agent: PayPalSDK/PayPal-PHP-SDK 1.11.0 (platform-ver=5.6.19; bit=32; os=Windows_NT_10.0; machine=i586; crypto-lib-ver=1.0.1s; curl=7.47.1), Authorization: Basic QWQ0eVZqRmtfSklrUXVTMWlxSUtkb0Ixb2RBOVUwV2E3SFF2eWstSV9uNzRRWE54cnlzeERRM29USUFLTDMzRUVwdmk4VHpQMVI1NndCX3A6RUIxWHdLYzc4dVJQc0ZPSWZtZzVXYUV0OEFxbzd5dEIzTl9qa2cxZEVMMGZaT2Nwanp2X0RKa3Z4THdoM3Z6REw5VUkzLVJfV2VBQ2hRekI=, Accept: */*, Content-Length: 29, Content-Type: application/x-www-form-urlencoded, , 
[31-05-2017 08:54:52] PayPal\Core\PayPalHttpConnection : DEBUG: Request Data		: grant_type=client_credentials
--------------------------------------------------------------------------------------------------------------------------------

[31-05-2017 08:54:52] PayPal\Core\PayPalHttpConnection : INFO: Response Status 	: 401
[31-05-2017 08:54:52] PayPal\Core\PayPalHttpConnection : DEBUG: Response Headers	: HTTP/1.1 401 Unauthorized, Date: Wed, 31 May 2017 20:59:57 GMT, Server: Apache, paypal-debug-id: 9c6a756c2771d, X-PAYPAL-TOKEN-SERVICE: IAAS, Paypal-Debug-Id: 9c6a756c2771d, Set-Cookie: X-PP-SILOVER=name%3DSANDBOX3.API.1%26silo_version%3D1880%26app%3Dplatformapiserv%26TIME%3D3442356057%26HTTP_X_PP_AZ_LOCATOR%3D; Expires=Wed, 31 May 2017 21:29:57 GMT; domain=.paypal.com; path=/; Secure; HttpOnly, Set-Cookie: X-PP-SILOVER=; Expires=Thu, 01 Jan 1970 00:00:01 GMT, Vary: Authorization, Content-Length: 69, Connection: close, Content-Type: application/json, , 
[31-05-2017 08:54:52] PayPal\Core\PayPalHttpConnection : ERROR: Got Http response code 401 when accessing https://api.sandbox.paypal.com/v1/oauth2/token. {"error":"closed_user","error_description":"Closed user credentials"}
[31-05-2017 08:54:52] PayPal\Core\PayPalHttpConnection : DEBUG: 

================================================================================================================================

[31-05-2017 08:57:21] PayPal\Core\PayPalHttpConnection : INFO: POST https://api.sandbox.paypal.com/v1/oauth2/token
[31-05-2017 08:57:21] PayPal\Core\PayPalHttpConnection : INFO: Invalid or no certificate authority found - Retrying using bundled CA certs file
[31-05-2017 08:57:22] PayPal\Core\PayPalHttpConnection : INFO: Response Status 	: 401
[31-05-2017 08:57:22] PayPal\Core\PayPalHttpConnection : ERROR: Got Http response code 401 when accessing https://api.sandbox.paypal.com/v1/oauth2/token. {"error":"closed_user","error_description":"Closed user credentials"}
[31-05-2017 09:02:08] PayPal\Core\PayPalHttpConnection : INFO: POST https://api.sandbox.paypal.com/v1/oauth2/token
[31-05-2017 09:02:09] PayPal\Core\PayPalHttpConnection : INFO: Invalid or no certificate authority found - Retrying using bundled CA certs file
[31-05-2017 09:02:10] PayPal\Core\PayPalHttpConnection : INFO: Response Status 	: 401
[31-05-2017 09:02:10] PayPal\Core\PayPalHttpConnection : ERROR: Got Http response code 401 when accessing https://api.sandbox.paypal.com/v1/oauth2/token. {"error":"closed_user","error_description":"Closed user credentials"}
[31-05-2017 09:12:07] PayPal\Core\PayPalHttpConnection : INFO: POST https://api.sandbox.paypal.com/v1/oauth2/token
[31-05-2017 09:12:07] PayPal\Core\PayPalHttpConnection : INFO: Invalid or no certificate authority found - Retrying using bundled CA certs file
[31-05-2017 09:12:08] PayPal\Core\PayPalHttpConnection : INFO: Response Status 	: 401
[31-05-2017 09:12:08] PayPal\Core\PayPalHttpConnection : ERROR: Got Http response code 401 when accessing https://api.sandbox.paypal.com/v1/oauth2/token. {"error":"closed_user","error_description":"Closed user credentials"}
[31-05-2017 09:13:20] PayPal\Core\PayPalHttpConnection : INFO: POST https://api.sandbox.paypal.com/v1/oauth2/token
[31-05-2017 09:13:21] PayPal\Core\PayPalHttpConnection : INFO: Invalid or no certificate authority found - Retrying using bundled CA certs file
[31-05-2017 09:13:22] PayPal\Core\PayPalHttpConnection : INFO: Response Status 	: 401
[31-05-2017 09:13:22] PayPal\Core\PayPalHttpConnection : ERROR: Got Http response code 401 when accessing https://api.sandbox.paypal.com/v1/oauth2/token. {"error":"closed_user","error_description":"Closed user credentials"}
[31-05-2017 09:14:52] PayPal\Core\PayPalHttpConnection : INFO: POST https://api.sandbox.paypal.com/v1/oauth2/token
[31-05-2017 09:14:53] PayPal\Core\PayPalHttpConnection : INFO: Invalid or no certificate authority found - Retrying using bundled CA certs file
[31-05-2017 09:14:54] PayPal\Core\PayPalHttpConnection : INFO: Response Status 	: 401
[31-05-2017 09:14:54] PayPal\Core\PayPalHttpConnection : ERROR: Got Http response code 401 when accessing https://api.sandbox.paypal.com/v1/oauth2/token. {"error":"closed_user","error_description":"Closed user credentials"}
[31-05-2017 09:17:45] PayPal\Core\PayPalHttpConnection : INFO: POST https://api.sandbox.paypal.com/v1/oauth2/token
[31-05-2017 09:17:45] PayPal\Core\PayPalHttpConnection : INFO: Invalid or no certificate authority found - Retrying using bundled CA certs file
[31-05-2017 09:17:46] PayPal\Core\PayPalHttpConnection : INFO: Response Status 	: 401
[31-05-2017 09:17:46] PayPal\Core\PayPalHttpConnection : ERROR: Got Http response code 401 when accessing https://api.sandbox.paypal.com/v1/oauth2/token. {"error":"invalid_client","error_description":"Client Authentication failed"}
[31-05-2017 09:18:05] PayPal\Core\PayPalHttpConnection : INFO: POST https://api.sandbox.paypal.com/v1/oauth2/token
[31-05-2017 09:18:06] PayPal\Core\PayPalHttpConnection : INFO: Invalid or no certificate authority found - Retrying using bundled CA certs file
[31-05-2017 09:18:07] PayPal\Core\PayPalHttpConnection : INFO: Response Status 	: 401
[31-05-2017 09:18:07] PayPal\Core\PayPalHttpConnection : ERROR: Got Http response code 401 when accessing https://api.sandbox.paypal.com/v1/oauth2/token. {"error":"invalid_client","error_description":"Client Authentication failed"}
[31-05-2017 09:19:39] PayPal\Core\PayPalHttpConnection : INFO: POST https://api.sandbox.paypal.com/v1/oauth2/token
[31-05-2017 09:19:40] PayPal\Core\PayPalHttpConnection : INFO: Invalid or no certificate authority found - Retrying using bundled CA certs file
[31-05-2017 09:19:41] PayPal\Core\PayPalHttpConnection : INFO: Response Status 	: 401
[31-05-2017 09:19:41] PayPal\Core\PayPalHttpConnection : ERROR: Got Http response code 401 when accessing https://api.sandbox.paypal.com/v1/oauth2/token. {"error":"closed_user","error_description":"Closed user credentials"}
[31-05-2017 09:20:02] PayPal\Core\PayPalHttpConnection : INFO: POST https://api.sandbox.paypal.com/v1/oauth2/token
[31-05-2017 09:20:02] PayPal\Core\PayPalHttpConnection : INFO: Invalid or no certificate authority found - Retrying using bundled CA certs file
[31-05-2017 09:20:03] PayPal\Core\PayPalHttpConnection : INFO: Response Status 	: 401
[31-05-2017 09:20:03] PayPal\Core\PayPalHttpConnection : ERROR: Got Http response code 401 when accessing https://api.sandbox.paypal.com/v1/oauth2/token. {"error":"closed_user","error_description":"Closed user credentials"}
[31-05-2017 09:22:25] PayPal\Core\PayPalHttpConnection : INFO: POST https://api.sandbox.paypal.com/v1/oauth2/token
[31-05-2017 09:22:26] PayPal\Core\PayPalHttpConnection : INFO: Invalid or no certificate authority found - Retrying using bundled CA certs file
[31-05-2017 09:22:27] PayPal\Core\PayPalHttpConnection : INFO: Response Status 	: 200
[31-05-2017 09:22:27] PayPal\Core\PayPalHttpConnection : INFO: POST https://api.sandbox.paypal.com/v1/payments/payment
[31-05-2017 09:22:28] PayPal\Core\PayPalHttpConnection : INFO: Invalid or no certificate authority found - Retrying using bundled CA certs file
[31-05-2017 09:22:29] PayPal\Core\PayPalHttpConnection : INFO: Response Status 	: 201
[31-05-2017 09:31:32] PayPal\Core\PayPalHttpConnection : INFO: POST https://api.sandbox.paypal.com/v1/oauth2/token
[31-05-2017 09:31:33] PayPal\Core\PayPalHttpConnection : INFO: Invalid or no certificate authority found - Retrying using bundled CA certs file
[31-05-2017 09:31:34] PayPal\Core\PayPalHttpConnection : INFO: Response Status 	: 200
[31-05-2017 09:31:34] PayPal\Core\PayPalHttpConnection : INFO: POST https://api.sandbox.paypal.com/v1/payments/payment
[31-05-2017 09:31:34] PayPal\Core\PayPalHttpConnection : INFO: Invalid or no certificate authority found - Retrying using bundled CA certs file
[31-05-2017 09:31:35] PayPal\Core\PayPalHttpConnection : INFO: Response Status 	: 201
[31-05-2017 09:38:24] PayPal\Core\PayPalHttpConnection : INFO: POST https://api.sandbox.paypal.com/v1/oauth2/token
[31-05-2017 09:38:25] PayPal\Core\PayPalHttpConnection : INFO: Invalid or no certificate authority found - Retrying using bundled CA certs file
[31-05-2017 09:38:26] PayPal\Core\PayPalHttpConnection : INFO: Response Status 	: 200
[31-05-2017 09:38:26] PayPal\Core\PayPalHttpConnection : INFO: POST https://api.sandbox.paypal.com/v1/payments/payment
[31-05-2017 09:38:28] PayPal\Core\PayPalHttpConnection : INFO: Invalid or no certificate authority found - Retrying using bundled CA certs file
[31-05-2017 09:38:29] PayPal\Core\PayPalHttpConnection : INFO: Response Status 	: 201
[31-05-2017 09:45:10] PayPal\Core\PayPalHttpConnection : INFO: POST https://api.sandbox.paypal.com/v1/oauth2/token
[31-05-2017 09:45:11] PayPal\Core\PayPalHttpConnection : INFO: Invalid or no certificate authority found - Retrying using bundled CA certs file
[31-05-2017 09:45:12] PayPal\Core\PayPalHttpConnection : INFO: Response Status 	: 200
[31-05-2017 09:45:12] PayPal\Core\PayPalHttpConnection : INFO: POST https://api.sandbox.paypal.com/v1/payments/payment
[31-05-2017 09:45:12] PayPal\Core\PayPalHttpConnection : INFO: Invalid or no certificate authority found - Retrying using bundled CA certs file
[31-05-2017 09:45:13] PayPal\Core\PayPalHttpConnection : INFO: Response Status 	: 201
[31-05-2017 09:49:06] PayPal\Core\PayPalHttpConnection : INFO: POST https://api.sandbox.paypal.com/v1/oauth2/token
[31-05-2017 09:49:07] PayPal\Core\PayPalHttpConnection : INFO: Invalid or no certificate authority found - Retrying using bundled CA certs file
[31-05-2017 09:49:08] PayPal\Core\PayPalHttpConnection : INFO: Response Status 	: 200
[31-05-2017 09:49:08] PayPal\Core\PayPalHttpConnection : INFO: POST https://api.sandbox.paypal.com/v1/payments/payment
[31-05-2017 09:49:08] PayPal\Core\PayPalHttpConnection : INFO: Invalid or no certificate authority found - Retrying using bundled CA certs file
[31-05-2017 09:49:09] PayPal\Core\PayPalHttpConnection : INFO: Response Status 	: 201
[31-05-2017 09:49:49] PayPal\Core\PayPalHttpConnection : INFO: POST https://api.sandbox.paypal.com/v1/oauth2/token
[31-05-2017 09:49:49] PayPal\Core\PayPalHttpConnection : INFO: Invalid or no certificate authority found - Retrying using bundled CA certs file
[31-05-2017 09:49:50] PayPal\Core\PayPalHttpConnection : INFO: Response Status 	: 200
[31-05-2017 09:49:50] PayPal\Core\PayPalHttpConnection : INFO: POST https://api.sandbox.paypal.com/v1/payments/payment
[31-05-2017 09:49:51] PayPal\Core\PayPalHttpConnection : INFO: Invalid or no certificate authority found - Retrying using bundled CA certs file
[31-05-2017 09:49:52] PayPal\Core\PayPalHttpConnection : INFO: Response Status 	: 201
[31-05-2017 10:14:26] PayPal\Core\PayPalHttpConnection : INFO: POST https://api.sandbox.paypal.com/v1/oauth2/token
[31-05-2017 10:14:27] PayPal\Core\PayPalHttpConnection : INFO: Invalid or no certificate authority found - Retrying using bundled CA certs file
[31-05-2017 10:14:28] PayPal\Core\PayPalHttpConnection : INFO: Response Status 	: 200
[31-05-2017 10:14:28] PayPal\Core\PayPalHttpConnection : INFO: POST https://api.sandbox.paypal.com/v1/payments/payment
[31-05-2017 10:14:28] PayPal\Core\PayPalHttpConnection : INFO: Invalid or no certificate authority found - Retrying using bundled CA certs file
[31-05-2017 10:14:30] PayPal\Core\PayPalHttpConnection : INFO: Response Status 	: 201
[01-06-2017 10:04:15] PayPal\Core\PayPalHttpConnection : INFO: POST https://api.sandbox.paypal.com/v1/oauth2/token
[01-06-2017 10:04:19] PayPal\Core\PayPalHttpConnection : INFO: Invalid or no certificate authority found - Retrying using bundled CA certs file
[01-06-2017 10:04:20] PayPal\Core\PayPalHttpConnection : INFO: Response Status 	: 200
[01-06-2017 10:04:20] PayPal\Core\PayPalHttpConnection : INFO: POST https://api.sandbox.paypal.com/v1/payments/payment
[01-06-2017 10:04:21] PayPal\Core\PayPalHttpConnection : INFO: Invalid or no certificate authority found - Retrying using bundled CA certs file
[01-06-2017 10:04:22] PayPal\Core\PayPalHttpConnection : INFO: Response Status 	: 201
[01-06-2017 10:05:52] PayPal\Core\PayPalHttpConnection : INFO: POST https://api.sandbox.paypal.com/v1/oauth2/token
[01-06-2017 10:05:52] PayPal\Core\PayPalHttpConnection : INFO: Invalid or no certificate authority found - Retrying using bundled CA certs file
[01-06-2017 10:05:57] PayPal\Core\PayPalHttpConnection : INFO: Response Status 	: 200
[01-06-2017 10:05:57] PayPal\Core\PayPalHttpConnection : INFO: POST https://api.sandbox.paypal.com/v1/payments/payment
[01-06-2017 10:05:57] PayPal\Core\PayPalHttpConnection : INFO: Invalid or no certificate authority found - Retrying using bundled CA certs file
[01-06-2017 10:05:58] PayPal\Core\PayPalHttpConnection : INFO: Response Status 	: 201
[01-06-2017 10:07:26] PayPal\Core\PayPalHttpConnection : INFO: POST https://api.sandbox.paypal.com/v1/oauth2/token
[01-06-2017 10:07:26] PayPal\Core\PayPalHttpConnection : INFO: Invalid or no certificate authority found - Retrying using bundled CA certs file
[01-06-2017 10:07:27] PayPal\Core\PayPalHttpConnection : INFO: Response Status 	: 200
[01-06-2017 10:07:27] PayPal\Core\PayPalHttpConnection : INFO: POST https://api.sandbox.paypal.com/v1/payments/payment
[01-06-2017 10:07:28] PayPal\Core\PayPalHttpConnection : INFO: Invalid or no certificate authority found - Retrying using bundled CA certs file
[01-06-2017 10:07:29] PayPal\Core\PayPalHttpConnection : INFO: Response Status 	: 201
[01-06-2017 10:11:59] PayPal\Core\PayPalHttpConnection : INFO: POST https://api.sandbox.paypal.com/v1/oauth2/token
[01-06-2017 10:12:00] PayPal\Core\PayPalHttpConnection : INFO: Invalid or no certificate authority found - Retrying using bundled CA certs file
[01-06-2017 10:12:01] PayPal\Core\PayPalHttpConnection : INFO: Response Status 	: 200
[01-06-2017 10:12:01] PayPal\Core\PayPalHttpConnection : INFO: POST https://api.sandbox.paypal.com/v1/payments/payment
[01-06-2017 10:12:01] PayPal\Core\PayPalHttpConnection : INFO: Invalid or no certificate authority found - Retrying using bundled CA certs file
[01-06-2017 10:12:02] PayPal\Core\PayPalHttpConnection : INFO: Response Status 	: 201
[01-06-2017 10:28:56] PayPal\Core\PayPalHttpConnection : INFO: POST https://api.sandbox.paypal.com/v1/oauth2/token
[01-06-2017 10:28:56] PayPal\Core\PayPalHttpConnection : INFO: Invalid or no certificate authority found - Retrying using bundled CA certs file
[01-06-2017 10:28:57] PayPal\Core\PayPalHttpConnection : INFO: Response Status 	: 200
[01-06-2017 10:28:57] PayPal\Core\PayPalHttpConnection : INFO: POST https://api.sandbox.paypal.com/v1/payments/payment
[01-06-2017 10:28:58] PayPal\Core\PayPalHttpConnection : INFO: Invalid or no certificate authority found - Retrying using bundled CA certs file
[01-06-2017 10:28:59] PayPal\Core\PayPalHttpConnection : INFO: Response Status 	: 201
[01-06-2017 10:31:05] PayPal\Core\PayPalHttpConnection : INFO: POST https://api.sandbox.paypal.com/v1/oauth2/token
[01-06-2017 10:31:06] PayPal\Core\PayPalHttpConnection : INFO: Invalid or no certificate authority found - Retrying using bundled CA certs file
[01-06-2017 10:31:07] PayPal\Core\PayPalHttpConnection : INFO: Response Status 	: 200
[01-06-2017 10:31:07] PayPal\Core\PayPalHttpConnection : INFO: POST https://api.sandbox.paypal.com/v1/payments/payment
[01-06-2017 10:31:07] PayPal\Core\PayPalHttpConnection : INFO: Invalid or no certificate authority found - Retrying using bundled CA certs file
[01-06-2017 10:31:08] PayPal\Core\PayPalHttpConnection : INFO: Response Status 	: 201
[01-06-2017 11:10:42] PayPal\Core\PayPalHttpConnection : INFO: POST https://api.sandbox.paypal.com/v1/oauth2/token
[01-06-2017 11:10:42] PayPal\Core\PayPalHttpConnection : INFO: Invalid or no certificate authority found - Retrying using bundled CA certs file
[01-06-2017 11:10:43] PayPal\Core\PayPalHttpConnection : INFO: Response Status 	: 200
[01-06-2017 11:10:43] PayPal\Core\PayPalHttpConnection : INFO: POST https://api.sandbox.paypal.com/v1/payments/payouts?sync_mode=true
[01-06-2017 11:10:44] PayPal\Core\PayPalHttpConnection : INFO: Invalid or no certificate authority found - Retrying using bundled CA certs file
[01-06-2017 11:10:46] PayPal\Core\PayPalHttpConnection : INFO: Response Status 	: 201
[01-06-2017 11:17:38] PayPal\Core\PayPalHttpConnection : INFO: POST https://api.sandbox.paypal.com/v1/oauth2/token
[01-06-2017 11:17:39] PayPal\Core\PayPalHttpConnection : INFO: Invalid or no certificate authority found - Retrying using bundled CA certs file
[01-06-2017 11:17:40] PayPal\Core\PayPalHttpConnection : INFO: Response Status 	: 200
[01-06-2017 11:17:40] PayPal\Core\PayPalHttpConnection : INFO: POST https://api.sandbox.paypal.com/v1/payments/payouts?sync_mode=true
[01-06-2017 11:17:41] PayPal\Core\PayPalHttpConnection : INFO: Invalid or no certificate authority found - Retrying using bundled CA certs file
[01-06-2017 11:17:42] PayPal\Core\PayPalHttpConnection : INFO: Response Status 	: 201
[01-06-2017 11:20:27] PayPal\Core\PayPalHttpConnection : INFO: POST https://api.sandbox.paypal.com/v1/oauth2/token
[01-06-2017 11:20:27] PayPal\Core\PayPalHttpConnection : INFO: Invalid or no certificate authority found - Retrying using bundled CA certs file
[01-06-2017 11:20:28] PayPal\Core\PayPalHttpConnection : INFO: Response Status 	: 200
[01-06-2017 11:20:28] PayPal\Core\PayPalHttpConnection : INFO: POST https://api.sandbox.paypal.com/v1/payments/payouts?sync_mode=true
[01-06-2017 11:20:29] PayPal\Core\PayPalHttpConnection : INFO: Invalid or no certificate authority found - Retrying using bundled CA certs file
[01-06-2017 11:20:30] PayPal\Core\PayPalHttpConnection : INFO: Response Status 	: 201
[01-06-2017 11:25:47] PayPal\Core\PayPalHttpConnection : INFO: POST https://api.sandbox.paypal.com/v1/oauth2/token
[01-06-2017 11:25:48] PayPal\Core\PayPalHttpConnection : INFO: Invalid or no certificate authority found - Retrying using bundled CA certs file
[01-06-2017 11:25:49] PayPal\Core\PayPalHttpConnection : INFO: Response Status 	: 200
[01-06-2017 11:25:49] PayPal\Core\PayPalHttpConnection : INFO: POST https://api.sandbox.paypal.com/v1/payments/payouts?sync_mode=true
[01-06-2017 11:25:50] PayPal\Core\PayPalHttpConnection : INFO: Invalid or no certificate authority found - Retrying using bundled CA certs file
[01-06-2017 11:25:51] PayPal\Core\PayPalHttpConnection : INFO: Response Status 	: 201
[01-06-2017 11:26:00] PayPal\Core\PayPalHttpConnection : INFO: POST https://api.sandbox.paypal.com/v1/oauth2/token
[01-06-2017 11:26:00] PayPal\Core\PayPalHttpConnection : INFO: Invalid or no certificate authority found - Retrying using bundled CA certs file
[01-06-2017 11:26:01] PayPal\Core\PayPalHttpConnection : INFO: Response Status 	: 200
[01-06-2017 11:26:01] PayPal\Core\PayPalHttpConnection : INFO: POST https://api.sandbox.paypal.com/v1/payments/payouts?sync_mode=true
[01-06-2017 11:26:02] PayPal\Core\PayPalHttpConnection : INFO: Invalid or no certificate authority found - Retrying using bundled CA certs file
[01-06-2017 11:26:04] PayPal\Core\PayPalHttpConnection : INFO: Response Status 	: 201
[02-06-2017 12:25:59] PayPal\Core\PayPalHttpConnection : INFO: POST https://api.sandbox.paypal.com/v1/oauth2/token
[02-06-2017 12:26:00] PayPal\Core\PayPalHttpConnection : INFO: Invalid or no certificate authority found - Retrying using bundled CA certs file
[02-06-2017 12:26:01] PayPal\Core\PayPalHttpConnection : INFO: Response Status 	: 200
[02-06-2017 12:26:01] PayPal\Core\PayPalHttpConnection : INFO: POST https://api.sandbox.paypal.com/v1/payments/payment
[02-06-2017 12:26:01] PayPal\Core\PayPalHttpConnection : INFO: Invalid or no certificate authority found - Retrying using bundled CA certs file
[02-06-2017 12:26:03] PayPal\Core\PayPalHttpConnection : INFO: Response Status 	: 201
[02-06-2017 12:27:25] PayPal\Core\PayPalHttpConnection : INFO: POST https://api.sandbox.paypal.com/v1/oauth2/token
[02-06-2017 12:27:25] PayPal\Core\PayPalHttpConnection : INFO: Invalid or no certificate authority found - Retrying using bundled CA certs file
[02-06-2017 12:27:26] PayPal\Core\PayPalHttpConnection : INFO: Response Status 	: 200
[02-06-2017 12:27:26] PayPal\Core\PayPalHttpConnection : INFO: POST https://api.sandbox.paypal.com/v1/payments/payment
[02-06-2017 12:27:27] PayPal\Core\PayPalHttpConnection : INFO: Invalid or no certificate authority found - Retrying using bundled CA certs file
[02-06-2017 12:27:28] PayPal\Core\PayPalHttpConnection : INFO: Response Status 	: 201
[02-06-2017 12:31:48] PayPal\Core\PayPalHttpConnection : INFO: POST https://api.sandbox.paypal.com/v1/oauth2/token
[02-06-2017 12:31:49] PayPal\Core\PayPalHttpConnection : INFO: Invalid or no certificate authority found - Retrying using bundled CA certs file
[02-06-2017 12:31:50] PayPal\Core\PayPalHttpConnection : INFO: Response Status 	: 200
[02-06-2017 12:31:50] PayPal\Core\PayPalHttpConnection : INFO: POST https://api.sandbox.paypal.com/v1/payments/payouts?sync_mode=true
[02-06-2017 12:31:50] PayPal\Core\PayPalHttpConnection : INFO: Invalid or no certificate authority found - Retrying using bundled CA certs file
[02-06-2017 12:31:52] PayPal\Core\PayPalHttpConnection : INFO: Response Status 	: 201
[02-06-2017 12:31:55] PayPal\Core\PayPalHttpConnection : INFO: POST https://api.sandbox.paypal.com/v1/oauth2/token
[02-06-2017 12:31:55] PayPal\Core\PayPalHttpConnection : INFO: Invalid or no certificate authority found - Retrying using bundled CA certs file
[02-06-2017 12:31:56] PayPal\Core\PayPalHttpConnection : INFO: Response Status 	: 200
[02-06-2017 12:31:56] PayPal\Core\PayPalHttpConnection : INFO: POST https://api.sandbox.paypal.com/v1/payments/payouts?sync_mode=true
[02-06-2017 12:31:57] PayPal\Core\PayPalHttpConnection : INFO: Invalid or no certificate authority found - Retrying using bundled CA certs file
[02-06-2017 12:31:58] PayPal\Core\PayPalHttpConnection : INFO: Response Status 	: 201
[02-06-2017 12:32:43] PayPal\Core\PayPalHttpConnection : INFO: POST https://api.sandbox.paypal.com/v1/oauth2/token
[02-06-2017 12:32:43] PayPal\Core\PayPalHttpConnection : INFO: Invalid or no certificate authority found - Retrying using bundled CA certs file
[02-06-2017 12:32:44] PayPal\Core\PayPalHttpConnection : INFO: Response Status 	: 200
[02-06-2017 12:32:44] PayPal\Core\PayPalHttpConnection : INFO: POST https://api.sandbox.paypal.com/v1/payments/payment
[02-06-2017 12:32:45] PayPal\Core\PayPalHttpConnection : INFO: Invalid or no certificate authority found - Retrying using bundled CA certs file
[02-06-2017 12:32:46] PayPal\Core\PayPalHttpConnection : INFO: Response Status 	: 201
[02-06-2017 12:32:57] PayPal\Core\PayPalHttpConnection : INFO: POST https://api.sandbox.paypal.com/v1/oauth2/token
[02-06-2017 12:32:57] PayPal\Core\PayPalHttpConnection : INFO: Invalid or no certificate authority found - Retrying using bundled CA certs file
[02-06-2017 12:32:58] PayPal\Core\PayPalHttpConnection : INFO: Response Status 	: 200
[02-06-2017 12:32:58] PayPal\Core\PayPalHttpConnection : INFO: POST https://api.sandbox.paypal.com/v1/payments/payment
[02-06-2017 12:32:59] PayPal\Core\PayPalHttpConnection : INFO: Invalid or no certificate authority found - Retrying using bundled CA certs file
[02-06-2017 12:33:00] PayPal\Core\PayPalHttpConnection : INFO: Response Status 	: 201
[03-06-2017 08:16:40] PayPal\Core\PayPalHttpConnection : INFO: POST https://api.sandbox.paypal.com/v1/oauth2/token
[03-06-2017 08:16:41] PayPal\Core\PayPalHttpConnection : INFO: Invalid or no certificate authority found - Retrying using bundled CA certs file
[03-06-2017 08:16:42] PayPal\Core\PayPalHttpConnection : INFO: Response Status 	: 200
[03-06-2017 08:16:42] PayPal\Core\PayPalHttpConnection : INFO: POST https://api.sandbox.paypal.com/v1/payments/payment
[03-06-2017 08:16:43] PayPal\Core\PayPalHttpConnection : INFO: Invalid or no certificate authority found - Retrying using bundled CA certs file
[03-06-2017 08:16:44] PayPal\Core\PayPalHttpConnection : INFO: Response Status 	: 201
[03-06-2017 08:20:49] PayPal\Core\PayPalHttpConnection : INFO: POST https://api.sandbox.paypal.com/v1/oauth2/token
[03-06-2017 08:20:50] PayPal\Core\PayPalHttpConnection : INFO: Invalid or no certificate authority found - Retrying using bundled CA certs file
[03-06-2017 08:20:51] PayPal\Core\PayPalHttpConnection : INFO: Response Status 	: 200
[03-06-2017 08:20:51] PayPal\Core\PayPalHttpConnection : INFO: POST https://api.sandbox.paypal.com/v1/payments/payouts?sync_mode=true
[03-06-2017 08:20:51] PayPal\Core\PayPalHttpConnection : INFO: Invalid or no certificate authority found - Retrying using bundled CA certs file
[03-06-2017 08:20:53] PayPal\Core\PayPalHttpConnection : INFO: Response Status 	: 201
[03-06-2017 08:43:31] PayPal\Core\PayPalHttpConnection : INFO: POST https://api.sandbox.paypal.com/v1/oauth2/token
[03-06-2017 08:43:32] PayPal\Core\PayPalHttpConnection : INFO: Invalid or no certificate authority found - Retrying using bundled CA certs file
[03-06-2017 08:43:33] PayPal\Core\PayPalHttpConnection : INFO: Response Status 	: 401
[03-06-2017 08:43:33] PayPal\Core\PayPalHttpConnection : ERROR: Got Http response code 401 when accessing https://api.sandbox.paypal.com/v1/oauth2/token. {"error":"invalid_client","error_description":"Client Authentication failed"}
[03-06-2017 08:43:49] PayPal\Core\PayPalHttpConnection : INFO: POST https://api.sandbox.paypal.com/v1/oauth2/token
[03-06-2017 08:43:49] PayPal\Core\PayPalHttpConnection : INFO: Invalid or no certificate authority found - Retrying using bundled CA certs file
[03-06-2017 08:43:50] PayPal\Core\PayPalHttpConnection : INFO: Response Status 	: 401
[03-06-2017 08:43:50] PayPal\Core\PayPalHttpConnection : ERROR: Got Http response code 401 when accessing https://api.sandbox.paypal.com/v1/oauth2/token. {"error":"invalid_client","error_description":"Client Authentication failed"}
[03-06-2017 08:44:04] PayPal\Core\PayPalHttpConnection : INFO: POST https://api.sandbox.paypal.com/v1/oauth2/token
[03-06-2017 08:44:04] PayPal\Core\PayPalHttpConnection : INFO: Invalid or no certificate authority found - Retrying using bundled CA certs file
[03-06-2017 08:44:05] PayPal\Core\PayPalHttpConnection : INFO: Response Status 	: 401
[03-06-2017 08:44:05] PayPal\Core\PayPalHttpConnection : ERROR: Got Http response code 401 when accessing https://api.sandbox.paypal.com/v1/oauth2/token. {"error":"invalid_client","error_description":"Client Authentication failed"}
[03-06-2017 08:45:20] PayPal\Core\PayPalHttpConnection : INFO: POST https://api.sandbox.paypal.com/v1/oauth2/token
[03-06-2017 08:45:21] PayPal\Core\PayPalHttpConnection : INFO: Invalid or no certificate authority found - Retrying using bundled CA certs file
[03-06-2017 08:45:22] PayPal\Core\PayPalHttpConnection : INFO: Response Status 	: 401
[03-06-2017 08:45:22] PayPal\Core\PayPalHttpConnection : ERROR: Got Http response code 401 when accessing https://api.sandbox.paypal.com/v1/oauth2/token. {"error":"invalid_client","error_description":"Client Authentication failed"}
[03-06-2017 08:47:35] PayPal\Core\PayPalHttpConnection : INFO: POST https://api.sandbox.paypal.com/v1/oauth2/token
[03-06-2017 08:47:35] PayPal\Core\PayPalHttpConnection : INFO: Invalid or no certificate authority found - Retrying using bundled CA certs file
[03-06-2017 08:47:36] PayPal\Core\PayPalHttpConnection : INFO: Response Status 	: 200
[03-06-2017 08:47:36] PayPal\Core\PayPalHttpConnection : INFO: POST https://api.sandbox.paypal.com/v1/payments/payouts?sync_mode=true
[03-06-2017 08:47:37] PayPal\Core\PayPalHttpConnection : INFO: Invalid or no certificate authority found - Retrying using bundled CA certs file
[03-06-2017 08:47:41] PayPal\Core\PayPalHttpConnection : INFO: Response Status 	: 201
[03-06-2017 08:49:44] PayPal\Core\PayPalHttpConnection : INFO: POST https://api.sandbox.paypal.com/v1/oauth2/token
[03-06-2017 08:49:45] PayPal\Core\PayPalHttpConnection : INFO: Invalid or no certificate authority found - Retrying using bundled CA certs file
[03-06-2017 08:49:46] PayPal\Core\PayPalHttpConnection : INFO: Response Status 	: 200
[03-06-2017 08:49:46] PayPal\Core\PayPalHttpConnection : INFO: POST https://api.sandbox.paypal.com/v1/payments/payment
[03-06-2017 08:49:46] PayPal\Core\PayPalHttpConnection : INFO: Invalid or no certificate authority found - Retrying using bundled CA certs file
[03-06-2017 08:49:48] PayPal\Core\PayPalHttpConnection : INFO: Response Status 	: 201
[03-06-2017 08:54:46] PayPal\Core\PayPalHttpConnection : INFO: POST https://api.sandbox.paypal.com/v1/oauth2/token
[03-06-2017 08:54:47] PayPal\Core\PayPalHttpConnection : INFO: Invalid or no certificate authority found - Retrying using bundled CA certs file
[03-06-2017 08:54:48] PayPal\Core\PayPalHttpConnection : INFO: Response Status 	: 200
[03-06-2017 08:54:48] PayPal\Core\PayPalHttpConnection : INFO: GET https://api.sandbox.paypal.com/v1/payments/payment/PAY-62859222XU756781TLEZSEHY
[03-06-2017 08:54:49] PayPal\Core\PayPalHttpConnection : INFO: Invalid or no certificate authority found - Retrying using bundled CA certs file
[03-06-2017 08:54:50] PayPal\Core\PayPalHttpConnection : INFO: Response Status 	: 200
[03-06-2017 08:56:10] PayPal\Core\PayPalHttpConnection : INFO: POST https://api.sandbox.paypal.com/v1/oauth2/token
[03-06-2017 08:56:10] PayPal\Core\PayPalHttpConnection : INFO: Invalid or no certificate authority found - Retrying using bundled CA certs file
[03-06-2017 08:56:12] PayPal\Core\PayPalHttpConnection : INFO: Response Status 	: 200
[03-06-2017 08:56:12] PayPal\Core\PayPalHttpConnection : INFO: GET https://api.sandbox.paypal.com/v1/payments/payment/PAY-62859222XU756781TLEZSEHY
[03-06-2017 08:56:12] PayPal\Core\PayPalHttpConnection : INFO: Invalid or no certificate authority found - Retrying using bundled CA certs file
[03-06-2017 08:56:13] PayPal\Core\PayPalHttpConnection : INFO: Response Status 	: 200
[03-06-2017 08:58:17] PayPal\Core\PayPalHttpConnection : INFO: POST https://api.sandbox.paypal.com/v1/oauth2/token
[03-06-2017 08:58:18] PayPal\Core\PayPalHttpConnection : INFO: Invalid or no certificate authority found - Retrying using bundled CA certs file
[03-06-2017 08:58:19] PayPal\Core\PayPalHttpConnection : INFO: Response Status 	: 200
[03-06-2017 08:58:19] PayPal\Core\PayPalHttpConnection : INFO: GET https://api.sandbox.paypal.com/v1/payments/payment/PAY-62859222XU756781TLEZSEHY
[03-06-2017 08:58:19] PayPal\Core\PayPalHttpConnection : INFO: Invalid or no certificate authority found - Retrying using bundled CA certs file
[03-06-2017 08:58:20] PayPal\Core\PayPalHttpConnection : INFO: Response Status 	: 200
[03-06-2017 08:59:18] PayPal\Core\PayPalHttpConnection : INFO: POST https://api.sandbox.paypal.com/v1/oauth2/token
[03-06-2017 08:59:18] PayPal\Core\PayPalHttpConnection : INFO: Invalid or no certificate authority found - Retrying using bundled CA certs file
[03-06-2017 08:59:19] PayPal\Core\PayPalHttpConnection : INFO: Response Status 	: 200
[03-06-2017 08:59:19] PayPal\Core\PayPalHttpConnection : INFO: GET https://api.sandbox.paypal.com/v1/payments/payment/PAY-62859222XU756781TLEZSEHY
[03-06-2017 08:59:20] PayPal\Core\PayPalHttpConnection : INFO: Invalid or no certificate authority found - Retrying using bundled CA certs file
[03-06-2017 08:59:21] PayPal\Core\PayPalHttpConnection : INFO: Response Status 	: 200
[03-06-2017 08:59:44] PayPal\Core\PayPalHttpConnection : INFO: POST https://api.sandbox.paypal.com/v1/oauth2/token
[03-06-2017 08:59:45] PayPal\Core\PayPalHttpConnection : INFO: Invalid or no certificate authority found - Retrying using bundled CA certs file
[03-06-2017 08:59:46] PayPal\Core\PayPalHttpConnection : INFO: Response Status 	: 200
[03-06-2017 08:59:46] PayPal\Core\PayPalHttpConnection : INFO: GET https://api.sandbox.paypal.com/v1/payments/payment/PAY-62859222XU756781TLEZSEHY
[03-06-2017 08:59:46] PayPal\Core\PayPalHttpConnection : INFO: Invalid or no certificate authority found - Retrying using bundled CA certs file
[03-06-2017 08:59:47] PayPal\Core\PayPalHttpConnection : INFO: Response Status 	: 200
[03-06-2017 09:01:09] PayPal\Core\PayPalHttpConnection : INFO: POST https://api.sandbox.paypal.com/v1/oauth2/token
[03-06-2017 09:01:09] PayPal\Core\PayPalHttpConnection : INFO: Invalid or no certificate authority found - Retrying using bundled CA certs file
[03-06-2017 09:01:10] PayPal\Core\PayPalHttpConnection : INFO: Response Status 	: 200
[03-06-2017 09:01:10] PayPal\Core\PayPalHttpConnection : INFO: GET https://api.sandbox.paypal.com/v1/payments/payment/PAY-62859222XU756781TLEZSEHY
[03-06-2017 09:01:11] PayPal\Core\PayPalHttpConnection : INFO: Invalid or no certificate authority found - Retrying using bundled CA certs file
[03-06-2017 09:01:12] PayPal\Core\PayPalHttpConnection : INFO: Response Status 	: 200
[03-06-2017 09:03:25] PayPal\Core\PayPalHttpConnection : INFO: POST https://api.sandbox.paypal.com/v1/oauth2/token
[03-06-2017 09:03:25] PayPal\Core\PayPalHttpConnection : INFO: Invalid or no certificate authority found - Retrying using bundled CA certs file
[03-06-2017 09:03:26] PayPal\Core\PayPalHttpConnection : INFO: Response Status 	: 200
[03-06-2017 09:03:26] PayPal\Core\PayPalHttpConnection : INFO: POST https://api.sandbox.paypal.com/v1/payments/payment
[03-06-2017 09:03:27] PayPal\Core\PayPalHttpConnection : INFO: Invalid or no certificate authority found - Retrying using bundled CA certs file
[03-06-2017 09:03:28] PayPal\Core\PayPalHttpConnection : INFO: Response Status 	: 201
[03-06-2017 09:04:20] PayPal\Core\PayPalHttpConnection : INFO: POST https://api.sandbox.paypal.com/v1/oauth2/token
[03-06-2017 09:04:21] PayPal\Core\PayPalHttpConnection : INFO: Invalid or no certificate authority found - Retrying using bundled CA certs file
[03-06-2017 09:04:22] PayPal\Core\PayPalHttpConnection : INFO: Response Status 	: 200
[03-06-2017 09:04:22] PayPal\Core\PayPalHttpConnection : INFO: GET https://api.sandbox.paypal.com/v1/payments/payment/PAY-90U75708BG5698729LEZSKUY
[03-06-2017 09:04:22] PayPal\Core\PayPalHttpConnection : INFO: Invalid or no certificate authority found - Retrying using bundled CA certs file
[03-06-2017 09:04:23] PayPal\Core\PayPalHttpConnection : INFO: Response Status 	: 200
[03-06-2017 09:07:20] PayPal\Core\PayPalHttpConnection : INFO: POST https://api.sandbox.paypal.com/v1/oauth2/token
[03-06-2017 09:07:20] PayPal\Core\PayPalHttpConnection : INFO: Invalid or no certificate authority found - Retrying using bundled CA certs file
[03-06-2017 09:07:21] PayPal\Core\PayPalHttpConnection : INFO: Response Status 	: 200
[03-06-2017 09:07:21] PayPal\Core\PayPalHttpConnection : INFO: POST https://api.sandbox.paypal.com/v1/payments/payment
[03-06-2017 09:07:22] PayPal\Core\PayPalHttpConnection : INFO: Invalid or no certificate authority found - Retrying using bundled CA certs file
[03-06-2017 09:07:27] PayPal\Core\PayPalHttpConnection : INFO: Response Status 	: 201
[03-06-2017 09:09:35] PayPal\Core\PayPalHttpConnection : INFO: POST https://api.sandbox.paypal.com/v1/oauth2/token
[03-06-2017 09:09:36] PayPal\Core\PayPalHttpConnection : INFO: Invalid or no certificate authority found - Retrying using bundled CA certs file
[03-06-2017 09:09:37] PayPal\Core\PayPalHttpConnection : INFO: Response Status 	: 200
[03-06-2017 09:09:37] PayPal\Core\PayPalHttpConnection : INFO: GET https://api.sandbox.paypal.com/v1/payments/payment/PAY-04S65260TR897532DLEZSMQQ
[03-06-2017 09:09:37] PayPal\Core\PayPalHttpConnection : INFO: Invalid or no certificate authority found - Retrying using bundled CA certs file
[03-06-2017 09:09:38] PayPal\Core\PayPalHttpConnection : INFO: Response Status 	: 200
[03-06-2017 09:19:22] PayPal\Core\PayPalHttpConnection : INFO: POST https://api.sandbox.paypal.com/v1/oauth2/token
[03-06-2017 09:19:23] PayPal\Core\PayPalHttpConnection : INFO: Invalid or no certificate authority found - Retrying using bundled CA certs file
[03-06-2017 09:19:24] PayPal\Core\PayPalHttpConnection : INFO: Response Status 	: 200
[03-06-2017 09:19:24] PayPal\Core\PayPalHttpConnection : INFO: POST https://api.sandbox.paypal.com/v1/payments/payouts?sync_mode=true
[03-06-2017 09:19:25] PayPal\Core\PayPalHttpConnection : INFO: Invalid or no certificate authority found - Retrying using bundled CA certs file
[03-06-2017 09:19:28] PayPal\Core\PayPalHttpConnection : INFO: Response Status 	: 201
[03-06-2017 09:19:28] PayPal\Core\PayPalHttpConnection : INFO: GET https://api.sandbox.paypal.com/v1/payments/payouts-item/JSL94CWSWRSU2
[03-06-2017 09:19:29] PayPal\Core\PayPalHttpConnection : INFO: Invalid or no certificate authority found - Retrying using bundled CA certs file
[03-06-2017 09:19:30] PayPal\Core\PayPalHttpConnection : INFO: Response Status 	: 200
[03-06-2017 09:30:20] PayPal\Core\PayPalHttpConnection : INFO: POST https://api.sandbox.paypal.com/v1/oauth2/token
[03-06-2017 09:30:20] PayPal\Core\PayPalHttpConnection : INFO: Invalid or no certificate authority found - Retrying using bundled CA certs file
[03-06-2017 09:30:21] PayPal\Core\PayPalHttpConnection : INFO: Response Status 	: 200
[03-06-2017 09:30:21] PayPal\Core\PayPalHttpConnection : INFO: POST https://api.sandbox.paypal.com/v1/payments/payouts?sync_mode=true
[03-06-2017 09:30:22] PayPal\Core\PayPalHttpConnection : INFO: Invalid or no certificate authority found - Retrying using bundled CA certs file
[03-06-2017 09:30:26] PayPal\Core\PayPalHttpConnection : INFO: Response Status 	: 201
[03-06-2017 09:30:26] PayPal\Core\PayPalHttpConnection : INFO: GET https://api.sandbox.paypal.com/v1/payments/payouts-item/5FLFDFHKRFLZN
[03-06-2017 09:30:26] PayPal\Core\PayPalHttpConnection : INFO: Invalid or no certificate authority found - Retrying using bundled CA certs file
[03-06-2017 09:30:27] PayPal\Core\PayPalHttpConnection : INFO: Response Status 	: 200
[03-06-2017 09:33:04] PayPal\Core\PayPalHttpConnection : INFO: POST https://api.sandbox.paypal.com/v1/oauth2/token
[03-06-2017 09:33:04] PayPal\Core\PayPalHttpConnection : INFO: Invalid or no certificate authority found - Retrying using bundled CA certs file
[03-06-2017 09:33:05] PayPal\Core\PayPalHttpConnection : INFO: Response Status 	: 200
[03-06-2017 09:33:05] PayPal\Core\PayPalHttpConnection : INFO: POST https://api.sandbox.paypal.com/v1/payments/payouts?sync_mode=true
[03-06-2017 09:33:06] PayPal\Core\PayPalHttpConnection : INFO: Invalid or no certificate authority found - Retrying using bundled CA certs file
[03-06-2017 09:33:10] PayPal\Core\PayPalHttpConnection : INFO: Response Status 	: 201
[03-06-2017 09:33:10] PayPal\Core\PayPalHttpConnection : INFO: GET https://api.sandbox.paypal.com/v1/payments/payouts-item/DDB2M82978MFE
[03-06-2017 09:33:10] PayPal\Core\PayPalHttpConnection : INFO: Invalid or no certificate authority found - Retrying using bundled CA certs file
[03-06-2017 09:33:11] PayPal\Core\PayPalHttpConnection : INFO: Response Status 	: 200
[03-06-2017 09:35:32] PayPal\Core\PayPalHttpConnection : INFO: POST https://api.sandbox.paypal.com/v1/oauth2/token
[03-06-2017 09:35:32] PayPal\Core\PayPalHttpConnection : INFO: Invalid or no certificate authority found - Retrying using bundled CA certs file
[03-06-2017 09:35:33] PayPal\Core\PayPalHttpConnection : INFO: Response Status 	: 200
[03-06-2017 09:35:33] PayPal\Core\PayPalHttpConnection : INFO: POST https://api.sandbox.paypal.com/v1/payments/payouts?sync_mode=true
[03-06-2017 09:35:34] PayPal\Core\PayPalHttpConnection : INFO: Invalid or no certificate authority found - Retrying using bundled CA certs file
[03-06-2017 09:35:38] PayPal\Core\PayPalHttpConnection : INFO: Response Status 	: 201
[03-06-2017 09:35:38] PayPal\Core\PayPalHttpConnection : INFO: GET https://api.sandbox.paypal.com/v1/payments/payouts-item/HJ2RL25L7V83G
[03-06-2017 09:35:38] PayPal\Core\PayPalHttpConnection : INFO: Invalid or no certificate authority found - Retrying using bundled CA certs file
[03-06-2017 09:35:39] PayPal\Core\PayPalHttpConnection : INFO: Response Status 	: 200
[03-06-2017 10:08:20] PayPal\Core\PayPalHttpConnection : INFO: POST https://api.sandbox.paypal.com/v1/oauth2/token
[03-06-2017 10:08:21] PayPal\Core\PayPalHttpConnection : INFO: Invalid or no certificate authority found - Retrying using bundled CA certs file
[03-06-2017 10:08:22] PayPal\Core\PayPalHttpConnection : INFO: Response Status 	: 200
[03-06-2017 10:08:22] PayPal\Core\PayPalHttpConnection : INFO: POST https://api.sandbox.paypal.com/v1/payments/payment
[03-06-2017 10:08:22] PayPal\Core\PayPalHttpConnection : INFO: Invalid or no certificate authority found - Retrying using bundled CA certs file
[03-06-2017 10:08:24] PayPal\Core\PayPalHttpConnection : INFO: Response Status 	: 201
[03-06-2017 10:09:39] PayPal\Core\PayPalHttpConnection : INFO: POST https://api.sandbox.paypal.com/v1/oauth2/token
[03-06-2017 10:09:40] PayPal\Core\PayPalHttpConnection : INFO: Invalid or no certificate authority found - Retrying using bundled CA certs file
[03-06-2017 10:09:41] PayPal\Core\PayPalHttpConnection : INFO: Response Status 	: 200
[03-06-2017 10:09:41] PayPal\Core\PayPalHttpConnection : INFO: POST https://api.sandbox.paypal.com/v1/payments/payment
[03-06-2017 10:09:41] PayPal\Core\PayPalHttpConnection : INFO: Invalid or no certificate authority found - Retrying using bundled CA certs file
[03-06-2017 10:09:43] PayPal\Core\PayPalHttpConnection : INFO: Response Status 	: 201
[03-06-2017 10:09:54] PayPal\Core\PayPalHttpConnection : INFO: POST https://api.sandbox.paypal.com/v1/oauth2/token
[03-06-2017 10:09:55] PayPal\Core\PayPalHttpConnection : INFO: Invalid or no certificate authority found - Retrying using bundled CA certs file
[03-06-2017 10:09:56] PayPal\Core\PayPalHttpConnection : INFO: Response Status 	: 200
[03-06-2017 10:09:56] PayPal\Core\PayPalHttpConnection : INFO: GET https://api.sandbox.paypal.com/v1/payments/payment/PAY-31R657436J820252NLEZTJCY
[03-06-2017 10:09:56] PayPal\Core\PayPalHttpConnection : INFO: Invalid or no certificate authority found - Retrying using bundled CA certs file
[03-06-2017 10:09:57] PayPal\Core\PayPalHttpConnection : INFO: Response Status 	: 200
[03-06-2017 10:11:34] PayPal\Core\PayPalHttpConnection : INFO: POST https://api.sandbox.paypal.com/v1/oauth2/token
[03-06-2017 10:11:34] PayPal\Core\PayPalHttpConnection : INFO: Invalid or no certificate authority found - Retrying using bundled CA certs file
[03-06-2017 10:11:35] PayPal\Core\PayPalHttpConnection : INFO: Response Status 	: 200
[03-06-2017 10:11:35] PayPal\Core\PayPalHttpConnection : INFO: GET https://api.sandbox.paypal.com/v1/payments/payment/PAY-2V902398E5653783YLEZTJWQ
[03-06-2017 10:11:36] PayPal\Core\PayPalHttpConnection : INFO: Invalid or no certificate authority found - Retrying using bundled CA certs file
[03-06-2017 10:11:37] PayPal\Core\PayPalHttpConnection : INFO: Response Status 	: 200
[03-06-2017 10:18:55] PayPal\Core\PayPalHttpConnection : INFO: POST https://api.sandbox.paypal.com/v1/oauth2/token
[03-06-2017 10:18:56] PayPal\Core\PayPalHttpConnection : INFO: Invalid or no certificate authority found - Retrying using bundled CA certs file
[03-06-2017 10:18:57] PayPal\Core\PayPalHttpConnection : INFO: Response Status 	: 200
[03-06-2017 10:18:57] PayPal\Core\PayPalHttpConnection : INFO: POST https://api.sandbox.paypal.com/v1/payments/payouts?sync_mode=true
[03-06-2017 10:18:58] PayPal\Core\PayPalHttpConnection : INFO: Invalid or no certificate authority found - Retrying using bundled CA certs file
[03-06-2017 10:19:01] PayPal\Core\PayPalHttpConnection : INFO: Response Status 	: 201
[03-06-2017 10:19:02] PayPal\Core\PayPalHttpConnection : INFO: GET https://api.sandbox.paypal.com/v1/payments/payouts-item/MTTSHBHUX28PU
[03-06-2017 10:19:02] PayPal\Core\PayPalHttpConnection : INFO: Invalid or no certificate authority found - Retrying using bundled CA certs file
[03-06-2017 10:19:03] PayPal\Core\PayPalHttpConnection : INFO: Response Status 	: 200
[04-06-2017 09:53:18] PayPal\Core\PayPalHttpConnection : INFO: POST https://api.sandbox.paypal.com/v1/oauth2/token
[04-06-2017 09:53:19] PayPal\Core\PayPalHttpConnection : INFO: Invalid or no certificate authority found - Retrying using bundled CA certs file
[04-06-2017 09:53:20] PayPal\Core\PayPalHttpConnection : INFO: Response Status 	: 200
[04-06-2017 09:53:20] PayPal\Core\PayPalHttpConnection : INFO: POST https://api.sandbox.paypal.com/v1/payments/payouts?sync_mode=true
[04-06-2017 09:53:21] PayPal\Core\PayPalHttpConnection : INFO: Invalid or no certificate authority found - Retrying using bundled CA certs file
[04-06-2017 09:53:25] PayPal\Core\PayPalHttpConnection : INFO: Response Status 	: 201
[04-06-2017 09:53:25] PayPal\Core\PayPalHttpConnection : INFO: GET https://api.sandbox.paypal.com/v1/payments/payouts-item/PDY2A86MZGDNJ
[04-06-2017 09:53:25] PayPal\Core\PayPalHttpConnection : INFO: Invalid or no certificate authority found - Retrying using bundled CA certs file
[04-06-2017 09:53:27] PayPal\Core\PayPalHttpConnection : INFO: Response Status 	: 200
